#! /usr/bin/vvp
:ivl_version "12.0 (stable)";
:ivl_delay_selection "TYPICAL";
:vpi_time_precision - 12;
:vpi_module "/usr/lib/x86_64-linux-gnu/ivl/system.vpi";
:vpi_module "/usr/lib/x86_64-linux-gnu/ivl/vhdl_sys.vpi";
:vpi_module "/usr/lib/x86_64-linux-gnu/ivl/vhdl_textio.vpi";
:vpi_module "/usr/lib/x86_64-linux-gnu/ivl/v2005_math.vpi";
:vpi_module "/usr/lib/x86_64-linux-gnu/ivl/va_math.vpi";
S_0x5e46eacf7920 .scope module, "top_sum_res_tb" "top_sum_res_tb" 2 4;
 .timescale -9 -12;
v0x5e46ead42840_0 .var "A", 3 0;
v0x5e46ead42920_0 .var "B", 3 0;
v0x5e46ead42a30_0 .net "SSeg", 0 6, v0x5e46ead40ed0_0;  1 drivers
v0x5e46ead42ad0_0 .var "Sel", 0 0;
v0x5e46ead42b70_0 .net "an", 3 0, L_0x5e46ead448c0;  1 drivers
v0x5e46ead42c30_0 .var "clk", 0 0;
v0x5e46ead42cd0_0 .var "rst", 0 0;
S_0x5e46eacf8060 .scope module, "TSR" "top_sum_res" 2 14, 3 4 0, S_0x5e46eacf7920;
 .timescale -9 -12;
    .port_info 0 /INPUT 4 "A";
    .port_info 1 /INPUT 4 "B";
    .port_info 2 /INPUT 1 "Sel";
    .port_info 3 /INPUT 1 "clk";
    .port_info 4 /INPUT 1 "rst";
    .port_info 5 /OUTPUT 7 "SSeg";
    .port_info 6 /OUTPUT 4 "an";
v0x5e46ead41e50_0 .net "A", 3 0, v0x5e46ead42840_0;  1 drivers
v0x5e46ead41f80_0 .net "B", 3 0, v0x5e46ead42920_0;  1 drivers
v0x5e46ead42040_0 .net "Cout", 0 0, L_0x5e46ead44400;  1 drivers
v0x5e46ead420e0_0 .net "S", 3 0, L_0x5e46ead446a0;  1 drivers
v0x5e46ead421d0_0 .net "SSeg", 0 6, v0x5e46ead40ed0_0;  alias, 1 drivers
v0x5e46ead42310_0 .net "Sel", 0 0, v0x5e46ead42ad0_0;  1 drivers
v0x5e46ead423b0_0 .net "an", 3 0, L_0x5e46ead448c0;  alias, 1 drivers
v0x5e46ead424c0_0 .net "clk", 0 0, v0x5e46ead42c30_0;  1 drivers
v0x5e46ead425b0_0 .net "inp_top", 4 0, L_0x5e46ead42d70;  1 drivers
v0x5e46ead42670_0 .net "rst", 0 0, v0x5e46ead42cd0_0;  1 drivers
L_0x5e46ead42d70 .concat [ 4 1 0 0], L_0x5e46ead446a0, L_0x5e46ead44400;
S_0x5e46eacfa670 .scope module, "sr" "sum_res_4b" 3 20, 4 3 0, S_0x5e46eacf8060;
 .timescale -9 -12;
    .port_info 0 /INPUT 4 "A";
    .port_info 1 /INPUT 4 "B";
    .port_info 2 /INPUT 1 "Sel";
    .port_info 3 /OUTPUT 1 "Cout";
    .port_info 4 /OUTPUT 4 "S";
L_0x5e46ead42f80 .functor XOR 4, v0x5e46ead42920_0, L_0x5e46ead42ee0, C4<0000>, C4<0000>;
v0x5e46ead3fa50_0 .net "A", 3 0, v0x5e46ead42840_0;  alias, 1 drivers
v0x5e46ead3fb30_0 .net "B", 3 0, v0x5e46ead42920_0;  alias, 1 drivers
v0x5e46ead3fbf0_0 .net "B_c", 3 0, L_0x5e46ead42f80;  1 drivers
v0x5e46ead3fc90_0 .net "Cout", 0 0, L_0x5e46ead44400;  alias, 1 drivers
v0x5e46ead3fd80_0 .net "S", 3 0, L_0x5e46ead446a0;  alias, 1 drivers
v0x5e46ead3fe70_0 .net "Sel", 0 0, v0x5e46ead42ad0_0;  alias, 1 drivers
v0x5e46ead3ff60_0 .net *"_ivl_0", 3 0, L_0x5e46ead42ee0;  1 drivers
L_0x5e46ead42ee0 .concat [ 1 1 1 1], v0x5e46ead42ad0_0, v0x5e46ead42ad0_0, v0x5e46ead42ad0_0, v0x5e46ead42ad0_0;
S_0x5e46eacf4d80 .scope module, "UUT" "sum4b_estruc" 4 17, 5 3 0, S_0x5e46eacfa670;
 .timescale -9 -12;
    .port_info 0 /INPUT 4 "A";
    .port_info 1 /INPUT 4 "B";
    .port_info 2 /INPUT 1 "Ci";
    .port_info 3 /OUTPUT 1 "Cout";
    .port_info 4 /OUTPUT 4 "S";
v0x5e46ead3f290_0 .net "A", 3 0, v0x5e46ead42840_0;  alias, 1 drivers
v0x5e46ead3f390_0 .net "B", 3 0, L_0x5e46ead42f80;  alias, 1 drivers
v0x5e46ead3f470_0 .net "Ci", 0 0, v0x5e46ead42ad0_0;  alias, 1 drivers
v0x5e46ead3f540_0 .net "Cout", 0 0, L_0x5e46ead44400;  alias, 1 drivers
v0x5e46ead3f610_0 .net "S", 3 0, L_0x5e46ead446a0;  alias, 1 drivers
v0x5e46ead3f700_0 .net "c0", 0 0, L_0x5e46ead43350;  1 drivers
v0x5e46ead3f7f0_0 .net "c1", 0 0, L_0x5e46ead43870;  1 drivers
v0x5e46ead3f8e0_0 .net "c2", 0 0, L_0x5e46ead43e50;  1 drivers
L_0x5e46ead43460 .part v0x5e46ead42840_0, 0, 1;
L_0x5e46ead43500 .part L_0x5e46ead42f80, 0, 1;
L_0x5e46ead43980 .part v0x5e46ead42840_0, 1, 1;
L_0x5e46ead43a20 .part L_0x5e46ead42f80, 1, 1;
L_0x5e46ead43f60 .part v0x5e46ead42840_0, 2, 1;
L_0x5e46ead44000 .part L_0x5e46ead42f80, 2, 1;
L_0x5e46ead44510 .part v0x5e46ead42840_0, 3, 1;
L_0x5e46ead445b0 .part L_0x5e46ead42f80, 3, 1;
L_0x5e46ead446a0 .concat8 [ 1 1 1 1], L_0x5e46ead43110, L_0x5e46ead43610, L_0x5e46ead43bf0, L_0x5e46ead44150;
S_0x5e46eacef3a0 .scope module, "S0" "sum1b_estruc" 5 15, 6 1 0, S_0x5e46eacf4d80;
 .timescale -9 -12;
    .port_info 0 /INPUT 1 "A";
    .port_info 1 /INPUT 1 "B";
    .port_info 2 /INPUT 1 "Ci";
    .port_info 3 /OUTPUT 1 "Cout";
    .port_info 4 /OUTPUT 1 "S";
L_0x5e46ead43080 .functor AND 1, L_0x5e46ead43460, L_0x5e46ead43500, C4<1>, C4<1>;
L_0x5e46ead43110 .functor XOR 1, L_0x5e46ead43180, v0x5e46ead42ad0_0, C4<0>, C4<0>;
L_0x5e46ead43180 .functor XOR 1, L_0x5e46ead43460, L_0x5e46ead43500, C4<0>, C4<0>;
L_0x5e46ead432e0 .functor AND 1, L_0x5e46ead43180, v0x5e46ead42ad0_0, C4<1>, C4<1>;
L_0x5e46ead43350 .functor OR 1, L_0x5e46ead432e0, L_0x5e46ead43080, C4<0>, C4<0>;
v0x5e46eacf9780_0 .net "A", 0 0, L_0x5e46ead43460;  1 drivers
v0x5e46ead3d1d0_0 .net "B", 0 0, L_0x5e46ead43500;  1 drivers
v0x5e46ead3d290_0 .net "Ci", 0 0, v0x5e46ead42ad0_0;  alias, 1 drivers
v0x5e46ead3d330_0 .net "Cout", 0 0, L_0x5e46ead43350;  alias, 1 drivers
v0x5e46ead3d3f0_0 .net "S", 0 0, L_0x5e46ead43110;  1 drivers
v0x5e46ead3d500_0 .net "a_ab", 0 0, L_0x5e46ead43080;  1 drivers
v0x5e46ead3d5c0_0 .net "cout_t", 0 0, L_0x5e46ead432e0;  1 drivers
v0x5e46ead3d680_0 .net "x_ab", 0 0, L_0x5e46ead43180;  1 drivers
S_0x5e46ead3d7e0 .scope module, "S1" "sum1b_estruc" 5 21, 6 1 0, S_0x5e46eacf4d80;
 .timescale -9 -12;
    .port_info 0 /INPUT 1 "A";
    .port_info 1 /INPUT 1 "B";
    .port_info 2 /INPUT 1 "Ci";
    .port_info 3 /OUTPUT 1 "Cout";
    .port_info 4 /OUTPUT 1 "S";
L_0x5e46ead435a0 .functor AND 1, L_0x5e46ead43980, L_0x5e46ead43a20, C4<1>, C4<1>;
L_0x5e46ead43610 .functor XOR 1, L_0x5e46ead43710, L_0x5e46ead43350, C4<0>, C4<0>;
L_0x5e46ead43710 .functor XOR 1, L_0x5e46ead43980, L_0x5e46ead43a20, C4<0>, C4<0>;
L_0x5e46ead437d0 .functor AND 1, L_0x5e46ead43710, L_0x5e46ead43350, C4<1>, C4<1>;
L_0x5e46ead43870 .functor OR 1, L_0x5e46ead437d0, L_0x5e46ead435a0, C4<0>, C4<0>;
v0x5e46ead3d9e0_0 .net "A", 0 0, L_0x5e46ead43980;  1 drivers
v0x5e46ead3daa0_0 .net "B", 0 0, L_0x5e46ead43a20;  1 drivers
v0x5e46ead3db60_0 .net "Ci", 0 0, L_0x5e46ead43350;  alias, 1 drivers
v0x5e46ead3dc30_0 .net "Cout", 0 0, L_0x5e46ead43870;  alias, 1 drivers
v0x5e46ead3dcd0_0 .net "S", 0 0, L_0x5e46ead43610;  1 drivers
v0x5e46ead3ddc0_0 .net "a_ab", 0 0, L_0x5e46ead435a0;  1 drivers
v0x5e46ead3de80_0 .net "cout_t", 0 0, L_0x5e46ead437d0;  1 drivers
v0x5e46ead3df40_0 .net "x_ab", 0 0, L_0x5e46ead43710;  1 drivers
S_0x5e46ead3e0a0 .scope module, "S2" "sum1b_estruc" 5 27, 6 1 0, S_0x5e46eacf4d80;
 .timescale -9 -12;
    .port_info 0 /INPUT 1 "A";
    .port_info 1 /INPUT 1 "B";
    .port_info 2 /INPUT 1 "Ci";
    .port_info 3 /OUTPUT 1 "Cout";
    .port_info 4 /OUTPUT 1 "S";
L_0x5e46ead43b80 .functor AND 1, L_0x5e46ead43f60, L_0x5e46ead44000, C4<1>, C4<1>;
L_0x5e46ead43bf0 .functor XOR 1, L_0x5e46ead43cf0, L_0x5e46ead43870, C4<0>, C4<0>;
L_0x5e46ead43cf0 .functor XOR 1, L_0x5e46ead43f60, L_0x5e46ead44000, C4<0>, C4<0>;
L_0x5e46ead43db0 .functor AND 1, L_0x5e46ead43cf0, L_0x5e46ead43870, C4<1>, C4<1>;
L_0x5e46ead43e50 .functor OR 1, L_0x5e46ead43db0, L_0x5e46ead43b80, C4<0>, C4<0>;
v0x5e46ead3e2b0_0 .net "A", 0 0, L_0x5e46ead43f60;  1 drivers
v0x5e46ead3e370_0 .net "B", 0 0, L_0x5e46ead44000;  1 drivers
v0x5e46ead3e430_0 .net "Ci", 0 0, L_0x5e46ead43870;  alias, 1 drivers
v0x5e46ead3e530_0 .net "Cout", 0 0, L_0x5e46ead43e50;  alias, 1 drivers
v0x5e46ead3e5d0_0 .net "S", 0 0, L_0x5e46ead43bf0;  1 drivers
v0x5e46ead3e6c0_0 .net "a_ab", 0 0, L_0x5e46ead43b80;  1 drivers
v0x5e46ead3e780_0 .net "cout_t", 0 0, L_0x5e46ead43db0;  1 drivers
v0x5e46ead3e840_0 .net "x_ab", 0 0, L_0x5e46ead43cf0;  1 drivers
S_0x5e46ead3e9a0 .scope module, "S3" "sum1b_estruc" 5 33, 6 1 0, S_0x5e46eacf4d80;
 .timescale -9 -12;
    .port_info 0 /INPUT 1 "A";
    .port_info 1 /INPUT 1 "B";
    .port_info 2 /INPUT 1 "Ci";
    .port_info 3 /OUTPUT 1 "Cout";
    .port_info 4 /OUTPUT 1 "S";
L_0x5e46ead440e0 .functor AND 1, L_0x5e46ead44510, L_0x5e46ead445b0, C4<1>, C4<1>;
L_0x5e46ead44150 .functor XOR 1, L_0x5e46ead44250, L_0x5e46ead43e50, C4<0>, C4<0>;
L_0x5e46ead44250 .functor XOR 1, L_0x5e46ead44510, L_0x5e46ead445b0, C4<0>, C4<0>;
L_0x5e46ead44360 .functor AND 1, L_0x5e46ead44250, L_0x5e46ead43e50, C4<1>, C4<1>;
L_0x5e46ead44400 .functor OR 1, L_0x5e46ead44360, L_0x5e46ead440e0, C4<0>, C4<0>;
v0x5e46ead3eb80_0 .net "A", 0 0, L_0x5e46ead44510;  1 drivers
v0x5e46ead3ec60_0 .net "B", 0 0, L_0x5e46ead445b0;  1 drivers
v0x5e46ead3ed20_0 .net "Ci", 0 0, L_0x5e46ead43e50;  alias, 1 drivers
v0x5e46ead3ee20_0 .net "Cout", 0 0, L_0x5e46ead44400;  alias, 1 drivers
v0x5e46ead3eec0_0 .net "S", 0 0, L_0x5e46ead44150;  1 drivers
v0x5e46ead3efb0_0 .net "a_ab", 0 0, L_0x5e46ead440e0;  1 drivers
v0x5e46ead3f070_0 .net "cout_t", 0 0, L_0x5e46ead44360;  1 drivers
v0x5e46ead3f130_0 .net "x_ab", 0 0, L_0x5e46ead44250;  1 drivers
S_0x5e46ead400c0 .scope module, "u_top" "top" 3 28, 7 5 0, S_0x5e46eacf8060;
 .timescale -9 -12;
    .port_info 0 /INPUT 5 "inp";
    .port_info 1 /INPUT 1 "clk";
    .port_info 2 /INPUT 1 "rst";
    .port_info 3 /OUTPUT 7 "SSeg";
    .port_info 4 /OUTPUT 4 "an";
v0x5e46ead41700_0 .net "SSeg", 0 6, v0x5e46ead40ed0_0;  alias, 1 drivers
v0x5e46ead417f0_0 .net "an", 3 0, L_0x5e46ead448c0;  alias, 1 drivers
v0x5e46ead418c0_0 .net "bcdsseg", 3 0, v0x5e46ead40640_0;  1 drivers
v0x5e46ead419e0_0 .net "c", 3 0, v0x5e46ead40720_0;  1 drivers
v0x5e46ead41ad0_0 .net "clk", 0 0, v0x5e46ead42c30_0;  alias, 1 drivers
v0x5e46ead41bc0_0 .net "fdivider", 0 0, v0x5e46ead415e0_0;  1 drivers
v0x5e46ead41cb0_0 .net "inp", 4 0, L_0x5e46ead42d70;  alias, 1 drivers
v0x5e46ead41d50_0 .net "rst", 0 0, v0x5e46ead42cd0_0;  alias, 1 drivers
S_0x5e46ead402c0 .scope module, "BCD" "BCD" 7 17, 8 1 0, S_0x5e46ead400c0;
 .timescale -9 -12;
    .port_info 0 /INPUT 5 "inp";
    .port_info 1 /INPUT 1 "clk2";
    .port_info 2 /INPUT 1 "rst";
    .port_info 3 /OUTPUT 4 "bcd";
    .port_info 4 /OUTPUT 4 "c";
v0x5e46ead40560_0 .var "algo", 0 0;
v0x5e46ead40640_0 .var "bcd", 3 0;
v0x5e46ead40720_0 .var "c", 3 0;
v0x5e46ead407e0_0 .net "clk2", 0 0, v0x5e46ead415e0_0;  alias, 1 drivers
v0x5e46ead408a0_0 .net "inp", 4 0, L_0x5e46ead42d70;  alias, 1 drivers
v0x5e46ead409d0_0 .net "rst", 0 0, v0x5e46ead42cd0_0;  alias, 1 drivers
E_0x5e46ead06730 .event posedge, v0x5e46ead407e0_0;
S_0x5e46ead40b30 .scope module, "BCDtoSSeg" "BCDtoSSeg" 7 30, 9 1 0, S_0x5e46ead400c0;
 .timescale -9 -12;
    .port_info 0 /INPUT 4 "BCD";
    .port_info 1 /INPUT 4 "c";
    .port_info 2 /OUTPUT 7 "SSeg";
    .port_info 3 /OUTPUT 4 "an";
L_0x5e46ead448c0 .functor BUFZ 4, v0x5e46ead40720_0, C4<0000>, C4<0000>, C4<0000>;
v0x5e46ead40dc0_0 .net "BCD", 3 0, v0x5e46ead40640_0;  alias, 1 drivers
v0x5e46ead40ed0_0 .var "SSeg", 0 6;
v0x5e46ead40f90_0 .net "an", 3 0, L_0x5e46ead448c0;  alias, 1 drivers
v0x5e46ead41080_0 .net "c", 3 0, v0x5e46ead40720_0;  alias, 1 drivers
E_0x5e46ead06c70 .event anyedge, v0x5e46ead40640_0;
S_0x5e46ead41200 .scope module, "fdiv" "CF_Div" 7 25, 10 1 0, S_0x5e46ead400c0;
 .timescale -9 -12;
    .port_info 0 /INPUT 1 "clk";
    .port_info 1 /OUTPUT 1 "fdiv";
v0x5e46ead41420_0 .net "clk", 0 0, v0x5e46ead42c30_0;  alias, 1 drivers
v0x5e46ead41500_0 .var "counter", 23 0;
v0x5e46ead415e0_0 .var "fdiv", 0 0;
E_0x5e46ead21f80 .event posedge, v0x5e46ead41420_0;
    .scope S_0x5e46ead402c0;
T_0 ;
    %pushi/vec4 0, 0, 1;
    %store/vec4 v0x5e46ead40560_0, 0, 1;
    %pushi/vec4 0, 0, 4;
    %store/vec4 v0x5e46ead40720_0, 0, 4;
    %end;
    .thread T_0;
    .scope S_0x5e46ead402c0;
T_1 ;
    %wait E_0x5e46ead06730;
    %load/vec4 v0x5e46ead40560_0;
    %dup/vec4;
    %pushi/vec4 0, 0, 1;
    %cmp/u;
    %jmp/1 T_1.0, 6;
    %dup/vec4;
    %pushi/vec4 1, 0, 1;
    %cmp/u;
    %jmp/1 T_1.1, 6;
    %jmp T_1.2;
T_1.0 ;
    %load/vec4 v0x5e46ead408a0_0;
    %pad/u 32;
    %pushi/vec4 10, 0, 32;
    %mod;
    %pad/u 4;
    %assign/vec4 v0x5e46ead40640_0, 0;
    %pushi/vec4 1, 0, 1;
    %assign/vec4 v0x5e46ead40560_0, 0;
    %pushi/vec4 14, 0, 4;
    %assign/vec4 v0x5e46ead40720_0, 0;
    %jmp T_1.2;
T_1.1 ;
    %load/vec4 v0x5e46ead408a0_0;
    %pad/u 32;
    %load/vec4 v0x5e46ead408a0_0;
    %pad/u 32;
    %pushi/vec4 10, 0, 32;
    %mod;
    %sub;
    %pushi/vec4 10, 0, 32;
    %div;
    %pad/u 4;
    %assign/vec4 v0x5e46ead40640_0, 0;
    %pushi/vec4 0, 0, 1;
    %assign/vec4 v0x5e46ead40560_0, 0;
    %pushi/vec4 13, 0, 4;
    %assign/vec4 v0x5e46ead40720_0, 0;
    %jmp T_1.2;
T_1.2 ;
    %pop/vec4 1;
    %jmp T_1;
    .thread T_1;
    .scope S_0x5e46ead41200;
T_2 ;
    %pushi/vec4 0, 0, 1;
    %store/vec4 v0x5e46ead415e0_0, 0, 1;
    %pushi/vec4 0, 0, 24;
    %store/vec4 v0x5e46ead41500_0, 0, 24;
    %end;
    .thread T_2;
    .scope S_0x5e46ead41200;
T_3 ;
    %wait E_0x5e46ead21f80;
    %load/vec4 v0x5e46ead41500_0;
    %pad/u 32;
    %cmpi/e 8000000, 0, 32;
    %jmp/0xz  T_3.0, 4;
    %pushi/vec4 0, 0, 24;
    %assign/vec4 v0x5e46ead41500_0, 0;
    %load/vec4 v0x5e46ead415e0_0;
    %inv;
    %assign/vec4 v0x5e46ead415e0_0, 0;
    %jmp T_3.1;
T_3.0 ;
    %load/vec4 v0x5e46ead41500_0;
    %addi 1, 0, 24;
    %assign/vec4 v0x5e46ead41500_0, 0;
T_3.1 ;
    %jmp T_3;
    .thread T_3;
    .scope S_0x5e46ead40b30;
T_4 ;
    %wait E_0x5e46ead06c70;
    %load/vec4 v0x5e46ead40dc0_0;
    %dup/vec4;
    %pushi/vec4 0, 0, 4;
    %cmp/u;
    %jmp/1 T_4.0, 6;
    %dup/vec4;
    %pushi/vec4 1, 0, 4;
    %cmp/u;
    %jmp/1 T_4.1, 6;
    %dup/vec4;
    %pushi/vec4 2, 0, 4;
    %cmp/u;
    %jmp/1 T_4.2, 6;
    %dup/vec4;
    %pushi/vec4 3, 0, 4;
    %cmp/u;
    %jmp/1 T_4.3, 6;
    %dup/vec4;
    %pushi/vec4 4, 0, 4;
    %cmp/u;
    %jmp/1 T_4.4, 6;
    %dup/vec4;
    %pushi/vec4 5, 0, 4;
    %cmp/u;
    %jmp/1 T_4.5, 6;
    %dup/vec4;
    %pushi/vec4 6, 0, 4;
    %cmp/u;
    %jmp/1 T_4.6, 6;
    %dup/vec4;
    %pushi/vec4 7, 0, 4;
    %cmp/u;
    %jmp/1 T_4.7, 6;
    %dup/vec4;
    %pushi/vec4 8, 0, 4;
    %cmp/u;
    %jmp/1 T_4.8, 6;
    %dup/vec4;
    %pushi/vec4 9, 0, 4;
    %cmp/u;
    %jmp/1 T_4.9, 6;
    %dup/vec4;
    %pushi/vec4 10, 0, 4;
    %cmp/u;
    %jmp/1 T_4.10, 6;
    %dup/vec4;
    %pushi/vec4 11, 0, 4;
    %cmp/u;
    %jmp/1 T_4.11, 6;
    %dup/vec4;
    %pushi/vec4 12, 0, 4;
    %cmp/u;
    %jmp/1 T_4.12, 6;
    %dup/vec4;
    %pushi/vec4 13, 0, 4;
    %cmp/u;
    %jmp/1 T_4.13, 6;
    %dup/vec4;
    %pushi/vec4 14, 0, 4;
    %cmp/u;
    %jmp/1 T_4.14, 6;
    %dup/vec4;
    %pushi/vec4 15, 0, 4;
    %cmp/u;
    %jmp/1 T_4.15, 6;
    %pushi/vec4 0, 0, 7;
    %store/vec4 v0x5e46ead40ed0_0, 0, 7;
    %jmp T_4.17;
T_4.0 ;
    %pushi/vec4 1, 0, 7;
    %store/vec4 v0x5e46ead40ed0_0, 0, 7;
    %jmp T_4.17;
T_4.1 ;
    %pushi/vec4 79, 0, 7;
    %store/vec4 v0x5e46ead40ed0_0, 0, 7;
    %jmp T_4.17;
T_4.2 ;
    %pushi/vec4 18, 0, 7;
    %store/vec4 v0x5e46ead40ed0_0, 0, 7;
    %jmp T_4.17;
T_4.3 ;
    %pushi/vec4 6, 0, 7;
    %store/vec4 v0x5e46ead40ed0_0, 0, 7;
    %jmp T_4.17;
T_4.4 ;
    %pushi/vec4 76, 0, 7;
    %store/vec4 v0x5e46ead40ed0_0, 0, 7;
    %jmp T_4.17;
T_4.5 ;
    %pushi/vec4 36, 0, 7;
    %store/vec4 v0x5e46ead40ed0_0, 0, 7;
    %jmp T_4.17;
T_4.6 ;
    %pushi/vec4 32, 0, 7;
    %store/vec4 v0x5e46ead40ed0_0, 0, 7;
    %jmp T_4.17;
T_4.7 ;
    %pushi/vec4 15, 0, 7;
    %store/vec4 v0x5e46ead40ed0_0, 0, 7;
    %jmp T_4.17;
T_4.8 ;
    %pushi/vec4 0, 0, 7;
    %store/vec4 v0x5e46ead40ed0_0, 0, 7;
    %jmp T_4.17;
T_4.9 ;
    %pushi/vec4 4, 0, 7;
    %store/vec4 v0x5e46ead40ed0_0, 0, 7;
    %jmp T_4.17;
T_4.10 ;
    %pushi/vec4 8, 0, 7;
    %store/vec4 v0x5e46ead40ed0_0, 0, 7;
    %jmp T_4.17;
T_4.11 ;
    %pushi/vec4 96, 0, 7;
    %store/vec4 v0x5e46ead40ed0_0, 0, 7;
    %jmp T_4.17;
T_4.12 ;
    %pushi/vec4 49, 0, 7;
    %store/vec4 v0x5e46ead40ed0_0, 0, 7;
    %jmp T_4.17;
T_4.13 ;
    %pushi/vec4 66, 0, 7;
    %store/vec4 v0x5e46ead40ed0_0, 0, 7;
    %jmp T_4.17;
T_4.14 ;
    %pushi/vec4 48, 0, 7;
    %store/vec4 v0x5e46ead40ed0_0, 0, 7;
    %jmp T_4.17;
T_4.15 ;
    %pushi/vec4 56, 0, 7;
    %store/vec4 v0x5e46ead40ed0_0, 0, 7;
    %jmp T_4.17;
T_4.17 ;
    %pop/vec4 1;
    %jmp T_4;
    .thread T_4, $push;
    .scope S_0x5e46eacf7920;
T_5 ;
    %load/vec4 v0x5e46ead42c30_0;
    %inv;
    %store/vec4 v0x5e46ead42c30_0, 0, 1;
    %delay 5000, 0;
    %jmp T_5;
    .thread T_5;
    .scope S_0x5e46eacf7920;
T_6 ;
    %pushi/vec4 0, 0, 4;
    %store/vec4 v0x5e46ead42840_0, 0, 4;
    %pushi/vec4 0, 0, 4;
    %store/vec4 v0x5e46ead42920_0, 0, 4;
    %pushi/vec4 0, 0, 1;
    %store/vec4 v0x5e46ead42ad0_0, 0, 1;
    %pushi/vec4 0, 0, 1;
    %store/vec4 v0x5e46ead42c30_0, 0, 1;
    %pushi/vec4 1, 0, 1;
    %store/vec4 v0x5e46ead42cd0_0, 0, 1;
    %delay 10000, 0;
    %pushi/vec4 0, 0, 1;
    %store/vec4 v0x5e46ead42cd0_0, 0, 1;
    %pushi/vec4 3, 0, 4;
    %store/vec4 v0x5e46ead42840_0, 0, 4;
    %pushi/vec4 2, 0, 4;
    %store/vec4 v0x5e46ead42920_0, 0, 4;
    %pushi/vec4 0, 0, 1;
    %store/vec4 v0x5e46ead42ad0_0, 0, 1;
    %delay 20000, 0;
    %pushi/vec4 1, 0, 1;
    %store/vec4 v0x5e46ead42ad0_0, 0, 1;
    %delay 20000, 0;
    %pushi/vec4 2, 0, 4;
    %store/vec4 v0x5e46ead42840_0, 0, 4;
    %pushi/vec4 3, 0, 4;
    %store/vec4 v0x5e46ead42920_0, 0, 4;
    %pushi/vec4 1, 0, 1;
    %store/vec4 v0x5e46ead42ad0_0, 0, 1;
    %delay 20000, 0;
    %pushi/vec4 8, 0, 4;
    %store/vec4 v0x5e46ead42840_0, 0, 4;
    %pushi/vec4 8, 0, 4;
    %store/vec4 v0x5e46ead42920_0, 0, 4;
    %pushi/vec4 0, 0, 1;
    %store/vec4 v0x5e46ead42ad0_0, 0, 1;
    %delay 20000, 0;
    %end;
    .thread T_6;
    .scope S_0x5e46eacf7920;
T_7 ;
    %vpi_call 2 60 "$dumpfile", "top_sum_res_tb.vcd" {0 0 0};
    %vpi_call 2 61 "$dumpvars", 32'sb00000000000000000000000000000000, S_0x5e46eacf7920 {0 0 0};
    %delay 95000, 0;
    %vpi_call 2 62 "$finish" {0 0 0};
    %end;
    .thread T_7;
# The file index is used to find the file name in the following table.
:file_names 11;
    "N/A";
    "<interactive>";
    "src/top_sum_res_tb.v";
    "./src/top_sum_res.v";
    "./src/sum_res_4b.v";
    "./src/sum4b_estruc.v";
    "./src/sum1b_estruc.v";
    "./src/top.v";
    "./src/BCD.v";
    "./src/BCDtoSSeg.v";
    "./src/CF_Div.v";
