#! /usr/bin/vvp
:ivl_version "12.0 (stable)";
:ivl_delay_selection "TYPICAL";
:vpi_time_precision - 12;
:vpi_module "/usr/lib/x86_64-linux-gnu/ivl/system.vpi";
:vpi_module "/usr/lib/x86_64-linux-gnu/ivl/vhdl_sys.vpi";
:vpi_module "/usr/lib/x86_64-linux-gnu/ivl/vhdl_textio.vpi";
:vpi_module "/usr/lib/x86_64-linux-gnu/ivl/v2005_math.vpi";
:vpi_module "/usr/lib/x86_64-linux-gnu/ivl/va_math.vpi";
S_0x627c89b116b0 .scope module, "tb_top" "tb_top" 2 4;
 .timescale -9 -12;
v0x627c89b329d0_0 .net "SSeg", 0 6, v0x627c89b31a50_0;  1 drivers
v0x627c89b32b00_0 .net "an", 3 0, L_0x627c89b32f30;  1 drivers
v0x627c89b32c10_0 .var "clk2", 0 0;
v0x627c89b32d00_0 .var "inp", 4 0;
v0x627c89b32df0_0 .var "rst", 0 0;
S_0x627c89b11840 .scope module, "uut" "top" 2 11, 3 5 0, S_0x627c89b116b0;
 .timescale -9 -12;
    .port_info 0 /INPUT 5 "inp";
    .port_info 1 /INPUT 1 "clk";
    .port_info 2 /INPUT 1 "rst";
    .port_info 3 /OUTPUT 7 "SSeg";
    .port_info 4 /OUTPUT 4 "an";
v0x627c89b32280_0 .net "SSeg", 0 6, v0x627c89b31a50_0;  alias, 1 drivers
v0x627c89b32370_0 .net "an", 3 0, L_0x627c89b32f30;  alias, 1 drivers
v0x627c89b32440_0 .net "bcdsseg", 3 0, v0x627c89b311f0_0;  1 drivers
v0x627c89b32560_0 .net "c", 3 0, v0x627c89b312d0_0;  1 drivers
v0x627c89b32650_0 .net "clk", 0 0, v0x627c89b32c10_0;  1 drivers
v0x627c89b32740_0 .net "fdivider", 0 0, v0x627c89b32160_0;  1 drivers
v0x627c89b32830_0 .net "inp", 4 0, v0x627c89b32d00_0;  1 drivers
v0x627c89b328d0_0 .net "rst", 0 0, v0x627c89b32df0_0;  1 drivers
S_0x627c89b0ee10 .scope module, "BCD" "BCD" 3 17, 4 1 0, S_0x627c89b11840;
 .timescale -9 -12;
    .port_info 0 /INPUT 5 "inp";
    .port_info 1 /INPUT 1 "clk2";
    .port_info 2 /INPUT 1 "rst";
    .port_info 3 /OUTPUT 4 "bcd";
    .port_info 4 /OUTPUT 4 "c";
v0x627c89b0eff0_0 .var "algo", 0 0;
v0x627c89b311f0_0 .var "bcd", 3 0;
v0x627c89b312d0_0 .var "c", 3 0;
v0x627c89b31390_0 .net "clk2", 0 0, v0x627c89b32160_0;  alias, 1 drivers
v0x627c89b31450_0 .net "inp", 4 0, v0x627c89b32d00_0;  alias, 1 drivers
v0x627c89b31580_0 .net "rst", 0 0, v0x627c89b32df0_0;  alias, 1 drivers
E_0x627c89b0ca00 .event posedge, v0x627c89b31390_0;
S_0x627c89b316e0 .scope module, "BCDtoSSeg" "BCDtoSSeg" 3 30, 5 1 0, S_0x627c89b11840;
 .timescale -9 -12;
    .port_info 0 /INPUT 4 "BCD";
    .port_info 1 /INPUT 4 "c";
    .port_info 2 /OUTPUT 7 "SSeg";
    .port_info 3 /OUTPUT 4 "an";
L_0x627c89b32f30 .functor BUFZ 4, v0x627c89b312d0_0, C4<0000>, C4<0000>, C4<0000>;
v0x627c89b31970_0 .net "BCD", 3 0, v0x627c89b311f0_0;  alias, 1 drivers
v0x627c89b31a50_0 .var "SSeg", 0 6;
v0x627c89b31b10_0 .net "an", 3 0, L_0x627c89b32f30;  alias, 1 drivers
v0x627c89b31c00_0 .net "c", 3 0, v0x627c89b312d0_0;  alias, 1 drivers
E_0x627c89ad3e10 .event anyedge, v0x627c89b311f0_0;
S_0x627c89b31d80 .scope module, "fdiv" "CF_Div" 3 25, 6 1 0, S_0x627c89b11840;
 .timescale -9 -12;
    .port_info 0 /INPUT 1 "clk";
    .port_info 1 /OUTPUT 1 "fdiv";
v0x627c89b31fa0_0 .net "clk", 0 0, v0x627c89b32c10_0;  alias, 1 drivers
v0x627c89b32080_0 .var "counter", 23 0;
v0x627c89b32160_0 .var "fdiv", 0 0;
E_0x627c89ad4060 .event posedge, v0x627c89b31fa0_0;
    .scope S_0x627c89b0ee10;
T_0 ;
    %pushi/vec4 0, 0, 1;
    %store/vec4 v0x627c89b0eff0_0, 0, 1;
    %pushi/vec4 0, 0, 4;
    %store/vec4 v0x627c89b312d0_0, 0, 4;
    %end;
    .thread T_0;
    .scope S_0x627c89b0ee10;
T_1 ;
    %wait E_0x627c89b0ca00;
    %load/vec4 v0x627c89b0eff0_0;
    %dup/vec4;
    %pushi/vec4 0, 0, 1;
    %cmp/u;
    %jmp/1 T_1.0, 6;
    %dup/vec4;
    %pushi/vec4 1, 0, 1;
    %cmp/u;
    %jmp/1 T_1.1, 6;
    %jmp T_1.2;
T_1.0 ;
    %load/vec4 v0x627c89b31450_0;
    %pad/u 32;
    %pushi/vec4 10, 0, 32;
    %mod;
    %pad/u 4;
    %assign/vec4 v0x627c89b311f0_0, 0;
    %pushi/vec4 1, 0, 1;
    %assign/vec4 v0x627c89b0eff0_0, 0;
    %pushi/vec4 14, 0, 4;
    %assign/vec4 v0x627c89b312d0_0, 0;
    %jmp T_1.2;
T_1.1 ;
    %load/vec4 v0x627c89b31450_0;
    %pad/u 32;
    %load/vec4 v0x627c89b31450_0;
    %pad/u 32;
    %pushi/vec4 10, 0, 32;
    %mod;
    %sub;
    %pushi/vec4 10, 0, 32;
    %div;
    %pad/u 4;
    %assign/vec4 v0x627c89b311f0_0, 0;
    %pushi/vec4 0, 0, 1;
    %assign/vec4 v0x627c89b0eff0_0, 0;
    %pushi/vec4 13, 0, 4;
    %assign/vec4 v0x627c89b312d0_0, 0;
    %jmp T_1.2;
T_1.2 ;
    %pop/vec4 1;
    %jmp T_1;
    .thread T_1;
    .scope S_0x627c89b31d80;
T_2 ;
    %pushi/vec4 0, 0, 1;
    %store/vec4 v0x627c89b32160_0, 0, 1;
    %pushi/vec4 0, 0, 24;
    %store/vec4 v0x627c89b32080_0, 0, 24;
    %end;
    .thread T_2;
    .scope S_0x627c89b31d80;
T_3 ;
    %wait E_0x627c89ad4060;
    %load/vec4 v0x627c89b32080_0;
    %pad/u 32;
    %cmpi/e 8000000, 0, 32;
    %jmp/0xz  T_3.0, 4;
    %pushi/vec4 0, 0, 24;
    %assign/vec4 v0x627c89b32080_0, 0;
    %load/vec4 v0x627c89b32160_0;
    %inv;
    %assign/vec4 v0x627c89b32160_0, 0;
    %jmp T_3.1;
T_3.0 ;
    %load/vec4 v0x627c89b32080_0;
    %addi 1, 0, 24;
    %assign/vec4 v0x627c89b32080_0, 0;
T_3.1 ;
    %jmp T_3;
    .thread T_3;
    .scope S_0x627c89b316e0;
T_4 ;
    %wait E_0x627c89ad3e10;
    %load/vec4 v0x627c89b31970_0;
    %dup/vec4;
    %pushi/vec4 0, 0, 4;
    %cmp/u;
    %jmp/1 T_4.0, 6;
    %dup/vec4;
    %pushi/vec4 1, 0, 4;
    %cmp/u;
    %jmp/1 T_4.1, 6;
    %dup/vec4;
    %pushi/vec4 2, 0, 4;
    %cmp/u;
    %jmp/1 T_4.2, 6;
    %dup/vec4;
    %pushi/vec4 3, 0, 4;
    %cmp/u;
    %jmp/1 T_4.3, 6;
    %dup/vec4;
    %pushi/vec4 4, 0, 4;
    %cmp/u;
    %jmp/1 T_4.4, 6;
    %dup/vec4;
    %pushi/vec4 5, 0, 4;
    %cmp/u;
    %jmp/1 T_4.5, 6;
    %dup/vec4;
    %pushi/vec4 6, 0, 4;
    %cmp/u;
    %jmp/1 T_4.6, 6;
    %dup/vec4;
    %pushi/vec4 7, 0, 4;
    %cmp/u;
    %jmp/1 T_4.7, 6;
    %dup/vec4;
    %pushi/vec4 8, 0, 4;
    %cmp/u;
    %jmp/1 T_4.8, 6;
    %dup/vec4;
    %pushi/vec4 9, 0, 4;
    %cmp/u;
    %jmp/1 T_4.9, 6;
    %dup/vec4;
    %pushi/vec4 10, 0, 4;
    %cmp/u;
    %jmp/1 T_4.10, 6;
    %dup/vec4;
    %pushi/vec4 11, 0, 4;
    %cmp/u;
    %jmp/1 T_4.11, 6;
    %dup/vec4;
    %pushi/vec4 12, 0, 4;
    %cmp/u;
    %jmp/1 T_4.12, 6;
    %dup/vec4;
    %pushi/vec4 13, 0, 4;
    %cmp/u;
    %jmp/1 T_4.13, 6;
    %dup/vec4;
    %pushi/vec4 14, 0, 4;
    %cmp/u;
    %jmp/1 T_4.14, 6;
    %dup/vec4;
    %pushi/vec4 15, 0, 4;
    %cmp/u;
    %jmp/1 T_4.15, 6;
    %pushi/vec4 0, 0, 7;
    %store/vec4 v0x627c89b31a50_0, 0, 7;
    %jmp T_4.17;
T_4.0 ;
    %pushi/vec4 1, 0, 7;
    %store/vec4 v0x627c89b31a50_0, 0, 7;
    %jmp T_4.17;
T_4.1 ;
    %pushi/vec4 79, 0, 7;
    %store/vec4 v0x627c89b31a50_0, 0, 7;
    %jmp T_4.17;
T_4.2 ;
    %pushi/vec4 18, 0, 7;
    %store/vec4 v0x627c89b31a50_0, 0, 7;
    %jmp T_4.17;
T_4.3 ;
    %pushi/vec4 6, 0, 7;
    %store/vec4 v0x627c89b31a50_0, 0, 7;
    %jmp T_4.17;
T_4.4 ;
    %pushi/vec4 76, 0, 7;
    %store/vec4 v0x627c89b31a50_0, 0, 7;
    %jmp T_4.17;
T_4.5 ;
    %pushi/vec4 36, 0, 7;
    %store/vec4 v0x627c89b31a50_0, 0, 7;
    %jmp T_4.17;
T_4.6 ;
    %pushi/vec4 32, 0, 7;
    %store/vec4 v0x627c89b31a50_0, 0, 7;
    %jmp T_4.17;
T_4.7 ;
    %pushi/vec4 15, 0, 7;
    %store/vec4 v0x627c89b31a50_0, 0, 7;
    %jmp T_4.17;
T_4.8 ;
    %pushi/vec4 0, 0, 7;
    %store/vec4 v0x627c89b31a50_0, 0, 7;
    %jmp T_4.17;
T_4.9 ;
    %pushi/vec4 4, 0, 7;
    %store/vec4 v0x627c89b31a50_0, 0, 7;
    %jmp T_4.17;
T_4.10 ;
    %pushi/vec4 8, 0, 7;
    %store/vec4 v0x627c89b31a50_0, 0, 7;
    %jmp T_4.17;
T_4.11 ;
    %pushi/vec4 96, 0, 7;
    %store/vec4 v0x627c89b31a50_0, 0, 7;
    %jmp T_4.17;
T_4.12 ;
    %pushi/vec4 49, 0, 7;
    %store/vec4 v0x627c89b31a50_0, 0, 7;
    %jmp T_4.17;
T_4.13 ;
    %pushi/vec4 66, 0, 7;
    %store/vec4 v0x627c89b31a50_0, 0, 7;
    %jmp T_4.17;
T_4.14 ;
    %pushi/vec4 48, 0, 7;
    %store/vec4 v0x627c89b31a50_0, 0, 7;
    %jmp T_4.17;
T_4.15 ;
    %pushi/vec4 56, 0, 7;
    %store/vec4 v0x627c89b31a50_0, 0, 7;
    %jmp T_4.17;
T_4.17 ;
    %pop/vec4 1;
    %jmp T_4;
    .thread T_4, $push;
    .scope S_0x627c89b116b0;
T_5 ;
    %pushi/vec4 31, 0, 5;
    %store/vec4 v0x627c89b32d00_0, 0, 5;
    %pushi/vec4 0, 0, 1;
    %store/vec4 v0x627c89b32c10_0, 0, 1;
    %pushi/vec4 0, 0, 1;
    %store/vec4 v0x627c89b32df0_0, 0, 1;
    %delay 10000, 0;
    %pushi/vec4 0, 0, 1;
    %store/vec4 v0x627c89b32df0_0, 0, 1;
    %end;
    .thread T_5;
    .scope S_0x627c89b116b0;
T_6 ;
    %delay 5000, 0;
    %load/vec4 v0x627c89b32c10_0;
    %inv;
    %store/vec4 v0x627c89b32c10_0, 0, 1;
    %jmp T_6;
    .thread T_6;
    .scope S_0x627c89b116b0;
T_7 ;
    %vpi_call 2 29 "$dumpfile", "tb_top.vcd" {0 0 0};
    %vpi_call 2 30 "$dumpvars", 32'sb11111111111111111111111111111111, S_0x627c89b11840 {0 0 0};
    %delay 800000, 0;
    %vpi_call 2 31 "$finish" {0 0 0};
    %end;
    .thread T_7;
# The file index is used to find the file name in the following table.
:file_names 7;
    "N/A";
    "<interactive>";
    "src/tb_top.v";
    "./src/top.v";
    "./src/BCD.v";
    "./src/BCDtoSSeg.v";
    "./src/CF_Div.v";
