#! /usr/bin/vvp
:ivl_version "12.0 (stable)";
:ivl_delay_selection "TYPICAL";
:vpi_time_precision - 12;
:vpi_module "/usr/lib/x86_64-linux-gnu/ivl/system.vpi";
:vpi_module "/usr/lib/x86_64-linux-gnu/ivl/vhdl_sys.vpi";
:vpi_module "/usr/lib/x86_64-linux-gnu/ivl/vhdl_textio.vpi";
:vpi_module "/usr/lib/x86_64-linux-gnu/ivl/v2005_math.vpi";
:vpi_module "/usr/lib/x86_64-linux-gnu/ivl/va_math.vpi";
S_0x63c7cce57e00 .scope module, "BCD_tb" "BCD_tb" 2 4;
 .timescale -9 -12;
v0x63c7cce69c00_0 .net "bcdw_tb", 3 0, v0x63c7cce69920_0;  1 drivers
v0x63c7cce69cf0_0 .var "clk2", 0 0;
v0x63c7cce69dc0_0 .var "inp", 3 0;
S_0x63c7cce57f90 .scope module, "uut" "BCD" 2 9, 3 1 0, S_0x63c7cce57e00;
 .timescale -9 -12;
    .port_info 0 /INPUT 4 "inp";
    .port_info 1 /INPUT 1 "clk2";
    .port_info 2 /OUTPUT 4 "bcd";
v0x63c7cce1d490_0 .var "algo", 0 0;
v0x63c7cce69920_0 .var "bcd", 3 0;
v0x63c7cce69a00_0 .net "clk2", 0 0, v0x63c7cce69cf0_0;  1 drivers
v0x63c7cce69aa0_0 .net "inp", 3 0, v0x63c7cce69dc0_0;  1 drivers
E_0x63c7cce565e0 .event posedge, v0x63c7cce69a00_0;
    .scope S_0x63c7cce57f90;
T_0 ;
    %pushi/vec4 0, 0, 1;
    %store/vec4 v0x63c7cce1d490_0, 0, 1;
    %end;
    .thread T_0;
    .scope S_0x63c7cce57f90;
T_1 ;
    %wait E_0x63c7cce565e0;
    %load/vec4 v0x63c7cce1d490_0;
    %dup/vec4;
    %pushi/vec4 0, 0, 1;
    %cmp/u;
    %jmp/1 T_1.0, 6;
    %dup/vec4;
    %pushi/vec4 1, 0, 1;
    %cmp/u;
    %jmp/1 T_1.1, 6;
    %jmp T_1.2;
T_1.0 ;
    %load/vec4 v0x63c7cce69aa0_0;
    %pad/u 32;
    %pushi/vec4 10, 0, 32;
    %mod;
    %pad/u 4;
    %assign/vec4 v0x63c7cce69920_0, 0;
    %pushi/vec4 1, 0, 1;
    %assign/vec4 v0x63c7cce1d490_0, 0;
    %jmp T_1.2;
T_1.1 ;
    %load/vec4 v0x63c7cce69aa0_0;
    %pad/u 32;
    %load/vec4 v0x63c7cce69aa0_0;
    %pad/u 32;
    %pushi/vec4 10, 0, 32;
    %mod;
    %sub;
    %pushi/vec4 10, 0, 32;
    %div;
    %pad/u 4;
    %assign/vec4 v0x63c7cce69920_0, 0;
    %pushi/vec4 0, 0, 1;
    %assign/vec4 v0x63c7cce1d490_0, 0;
    %jmp T_1.2;
T_1.2 ;
    %pop/vec4 1;
    %jmp T_1;
    .thread T_1;
    .scope S_0x63c7cce57e00;
T_2 ;
    %pushi/vec4 15, 0, 4;
    %store/vec4 v0x63c7cce69dc0_0, 0, 4;
    %pushi/vec4 0, 0, 1;
    %store/vec4 v0x63c7cce69cf0_0, 0, 1;
    %end;
    .thread T_2;
    .scope S_0x63c7cce57e00;
T_3 ;
    %delay 5000, 0;
    %load/vec4 v0x63c7cce69cf0_0;
    %inv;
    %store/vec4 v0x63c7cce69cf0_0, 0, 1;
    %jmp T_3;
    .thread T_3;
    .scope S_0x63c7cce57e00;
T_4 ;
    %vpi_call 2 23 "$dumpfile", "BCD_tb.vcd" {0 0 0};
    %vpi_call 2 24 "$dumpvars", 32'sb11111111111111111111111111111111, S_0x63c7cce57f90 {0 0 0};
    %delay 80000, 0;
    %vpi_call 2 25 "$finish" {0 0 0};
    %end;
    .thread T_4;
# The file index is used to find the file name in the following table.
:file_names 4;
    "N/A";
    "<interactive>";
    "src/BCD_tb.v";
    "./src/BCD.v";
