#! /usr/bin/vvp
:ivl_version "12.0 (stable)";
:ivl_delay_selection "TYPICAL";
:vpi_time_precision + 0;
:vpi_module "/usr/lib/x86_64-linux-gnu/ivl/system.vpi";
:vpi_module "/usr/lib/x86_64-linux-gnu/ivl/vhdl_sys.vpi";
:vpi_module "/usr/lib/x86_64-linux-gnu/ivl/vhdl_textio.vpi";
:vpi_module "/usr/lib/x86_64-linux-gnu/ivl/v2005_math.vpi";
:vpi_module "/usr/lib/x86_64-linux-gnu/ivl/va_math.vpi";
S_0x5b64d3ac4570 .scope module, "CF_Div" "CF_Div" 2 1;
 .timescale 0 0;
    .port_info 0 /INPUT 1 "clk";
    .port_info 1 /OUTPUT 1 "fdiv";
o0x724b8a2e6018 .functor BUFZ 1, C4<z>; HiZ drive
v0x5b64d3ac6400_0 .net "clk", 0 0, o0x724b8a2e6018;  0 drivers
v0x5b64d3b0d140_0 .var "counter", 23 0;
v0x5b64d3b0d220_0 .var "fdiv", 0 0;
E_0x5b64d3ac5040 .event posedge, v0x5b64d3ac6400_0;
    .scope S_0x5b64d3ac4570;
T_0 ;
    %pushi/vec4 0, 0, 1;
    %store/vec4 v0x5b64d3b0d220_0, 0, 1;
    %pushi/vec4 0, 0, 24;
    %store/vec4 v0x5b64d3b0d140_0, 0, 24;
    %end;
    .thread T_0;
    .scope S_0x5b64d3ac4570;
T_1 ;
    %wait E_0x5b64d3ac5040;
    %load/vec4 v0x5b64d3b0d140_0;
    %pad/u 32;
    %cmpi/e 8000000, 0, 32;
    %jmp/0xz  T_1.0, 4;
    %pushi/vec4 0, 0, 24;
    %assign/vec4 v0x5b64d3b0d140_0, 0;
    %load/vec4 v0x5b64d3b0d220_0;
    %inv;
    %assign/vec4 v0x5b64d3b0d220_0, 0;
    %jmp T_1.1;
T_1.0 ;
    %load/vec4 v0x5b64d3b0d140_0;
    %addi 1, 0, 24;
    %assign/vec4 v0x5b64d3b0d140_0, 0;
T_1.1 ;
    %jmp T_1;
    .thread T_1;
# The file index is used to find the file name in the following table.
:file_names 3;
    "N/A";
    "<interactive>";
    "src/CF_Div.v";
