#! /usr/bin/vvp
:ivl_version "12.0 (stable)";
:ivl_delay_selection "TYPICAL";
:vpi_time_precision - 12;
:vpi_module "/usr/lib/x86_64-linux-gnu/ivl/system.vpi";
:vpi_module "/usr/lib/x86_64-linux-gnu/ivl/vhdl_sys.vpi";
:vpi_module "/usr/lib/x86_64-linux-gnu/ivl/vhdl_textio.vpi";
:vpi_module "/usr/lib/x86_64-linux-gnu/ivl/v2005_math.vpi";
:vpi_module "/usr/lib/x86_64-linux-gnu/ivl/va_math.vpi";
S_0x63be25430710 .scope module, "tb_top" "tb_top" 2 4;
 .timescale -9 -12;
v0x63be2544fa60_0 .net "SSeg", 0 6, v0x63be2544f0b0_0;  1 drivers
v0x63be2544fb90_0 .net "an", 3 0, L_0x63be2544ffc0;  1 drivers
v0x63be2544fca0_0 .var "clk2", 0 0;
v0x63be2544fd90_0 .var "inp", 3 0;
v0x63be2544fe80_0 .var "rst", 0 0;
S_0x63be254308a0 .scope module, "uut" "top" 2 11, 3 5 0, S_0x63be25430710;
 .timescale -9 -12;
    .port_info 0 /INPUT 4 "inp";
    .port_info 1 /INPUT 1 "clk2";
    .port_info 2 /INPUT 1 "rst";
    .port_info 3 /OUTPUT 7 "SSeg";
    .port_info 4 /OUTPUT 4 "an";
v0x63be2544f3e0_0 .net "SSeg", 0 6, v0x63be2544f0b0_0;  alias, 1 drivers
v0x63be2544f4c0_0 .net "an", 3 0, L_0x63be2544ffc0;  alias, 1 drivers
v0x63be2544f590_0 .net "bcdsseg", 3 0, v0x63be2544e820_0;  1 drivers
v0x63be2544f6b0_0 .net "c", 3 0, v0x63be2544e900_0;  1 drivers
v0x63be2544f7a0_0 .net "clk2", 0 0, v0x63be2544fca0_0;  1 drivers
v0x63be2544f890_0 .net "inp", 3 0, v0x63be2544fd90_0;  1 drivers
v0x63be2544f930_0 .net "rst", 0 0, v0x63be2544fe80_0;  1 drivers
S_0x63be25437b50 .scope module, "BCD" "BCD" 3 16, 4 1 0, S_0x63be254308a0;
 .timescale -9 -12;
    .port_info 0 /INPUT 4 "inp";
    .port_info 1 /INPUT 1 "clk2";
    .port_info 2 /INPUT 1 "rst";
    .port_info 3 /OUTPUT 4 "bcd";
    .port_info 4 /OUTPUT 4 "c";
v0x63be25437d50_0 .var "algo", 0 0;
v0x63be2544e820_0 .var "bcd", 3 0;
v0x63be2544e900_0 .var "c", 3 0;
v0x63be2544e9c0_0 .net "clk2", 0 0, v0x63be2544fca0_0;  alias, 1 drivers
v0x63be2544ea80_0 .net "inp", 3 0, v0x63be2544fd90_0;  alias, 1 drivers
v0x63be2544ebb0_0 .net "rst", 0 0, v0x63be2544fe80_0;  alias, 1 drivers
E_0x63be2542da00 .event posedge, v0x63be2544ebb0_0, v0x63be2544e9c0_0;
E_0x63be253f4e10 .event anyedge, v0x63be25437d50_0;
S_0x63be2544ed10 .scope module, "BCDtoSSeg" "BCDtoSSeg" 3 24, 5 1 0, S_0x63be254308a0;
 .timescale -9 -12;
    .port_info 0 /INPUT 4 "BCD";
    .port_info 1 /INPUT 4 "c";
    .port_info 2 /OUTPUT 7 "SSeg";
    .port_info 3 /OUTPUT 4 "an";
L_0x63be2544ffc0 .functor BUFZ 4, v0x63be2544e900_0, C4<0000>, C4<0000>, C4<0000>;
v0x63be2544efa0_0 .net "BCD", 3 0, v0x63be2544e820_0;  alias, 1 drivers
v0x63be2544f0b0_0 .var "SSeg", 0 6;
v0x63be2544f170_0 .net "an", 3 0, L_0x63be2544ffc0;  alias, 1 drivers
v0x63be2544f260_0 .net "c", 3 0, v0x63be2544e900_0;  alias, 1 drivers
E_0x63be253f4b20 .event anyedge, v0x63be2544e820_0;
    .scope S_0x63be25437b50;
T_0 ;
    %wait E_0x63be253f4e10;
    %load/vec4 v0x63be25437d50_0;
    %pad/u 32;
    %cmpi/e 0, 0, 32;
    %jmp/0xz  T_0.0, 4;
    %pushi/vec4 1, 0, 4;
    %store/vec4 v0x63be2544e900_0, 0, 4;
    %jmp T_0.1;
T_0.0 ;
    %pushi/vec4 2, 0, 4;
    %store/vec4 v0x63be2544e900_0, 0, 4;
T_0.1 ;
    %jmp T_0;
    .thread T_0, $push;
    .scope S_0x63be25437b50;
T_1 ;
    %wait E_0x63be2542da00;
    %load/vec4 v0x63be2544ebb0_0;
    %flag_set/vec4 8;
    %jmp/0xz  T_1.0, 8;
    %pushi/vec4 0, 0, 1;
    %assign/vec4 v0x63be25437d50_0, 0;
    %pushi/vec4 0, 0, 4;
    %assign/vec4 v0x63be2544e820_0, 0;
    %jmp T_1.1;
T_1.0 ;
    %load/vec4 v0x63be25437d50_0;
    %dup/vec4;
    %pushi/vec4 0, 0, 1;
    %cmp/u;
    %jmp/1 T_1.2, 6;
    %dup/vec4;
    %pushi/vec4 1, 0, 1;
    %cmp/u;
    %jmp/1 T_1.3, 6;
    %jmp T_1.4;
T_1.2 ;
    %load/vec4 v0x63be2544ea80_0;
    %pad/u 32;
    %pushi/vec4 10, 0, 32;
    %mod;
    %pad/u 4;
    %assign/vec4 v0x63be2544e820_0, 0;
    %pushi/vec4 1, 0, 1;
    %assign/vec4 v0x63be25437d50_0, 0;
    %jmp T_1.4;
T_1.3 ;
    %load/vec4 v0x63be2544ea80_0;
    %pad/u 32;
    %load/vec4 v0x63be2544ea80_0;
    %pad/u 32;
    %pushi/vec4 10, 0, 32;
    %mod;
    %sub;
    %pushi/vec4 10, 0, 32;
    %div;
    %pad/u 4;
    %assign/vec4 v0x63be2544e820_0, 0;
    %pushi/vec4 0, 0, 1;
    %assign/vec4 v0x63be25437d50_0, 0;
    %jmp T_1.4;
T_1.4 ;
    %pop/vec4 1;
T_1.1 ;
    %jmp T_1;
    .thread T_1;
    .scope S_0x63be2544ed10;
T_2 ;
    %wait E_0x63be253f4b20;
    %load/vec4 v0x63be2544efa0_0;
    %dup/vec4;
    %pushi/vec4 0, 0, 4;
    %cmp/u;
    %jmp/1 T_2.0, 6;
    %dup/vec4;
    %pushi/vec4 1, 0, 4;
    %cmp/u;
    %jmp/1 T_2.1, 6;
    %dup/vec4;
    %pushi/vec4 2, 0, 4;
    %cmp/u;
    %jmp/1 T_2.2, 6;
    %dup/vec4;
    %pushi/vec4 3, 0, 4;
    %cmp/u;
    %jmp/1 T_2.3, 6;
    %dup/vec4;
    %pushi/vec4 4, 0, 4;
    %cmp/u;
    %jmp/1 T_2.4, 6;
    %dup/vec4;
    %pushi/vec4 5, 0, 4;
    %cmp/u;
    %jmp/1 T_2.5, 6;
    %dup/vec4;
    %pushi/vec4 6, 0, 4;
    %cmp/u;
    %jmp/1 T_2.6, 6;
    %dup/vec4;
    %pushi/vec4 7, 0, 4;
    %cmp/u;
    %jmp/1 T_2.7, 6;
    %dup/vec4;
    %pushi/vec4 8, 0, 4;
    %cmp/u;
    %jmp/1 T_2.8, 6;
    %dup/vec4;
    %pushi/vec4 9, 0, 4;
    %cmp/u;
    %jmp/1 T_2.9, 6;
    %dup/vec4;
    %pushi/vec4 10, 0, 4;
    %cmp/u;
    %jmp/1 T_2.10, 6;
    %dup/vec4;
    %pushi/vec4 11, 0, 4;
    %cmp/u;
    %jmp/1 T_2.11, 6;
    %dup/vec4;
    %pushi/vec4 12, 0, 4;
    %cmp/u;
    %jmp/1 T_2.12, 6;
    %dup/vec4;
    %pushi/vec4 13, 0, 4;
    %cmp/u;
    %jmp/1 T_2.13, 6;
    %dup/vec4;
    %pushi/vec4 14, 0, 4;
    %cmp/u;
    %jmp/1 T_2.14, 6;
    %dup/vec4;
    %pushi/vec4 15, 0, 4;
    %cmp/u;
    %jmp/1 T_2.15, 6;
    %pushi/vec4 0, 0, 7;
    %store/vec4 v0x63be2544f0b0_0, 0, 7;
    %jmp T_2.17;
T_2.0 ;
    %pushi/vec4 1, 0, 7;
    %store/vec4 v0x63be2544f0b0_0, 0, 7;
    %jmp T_2.17;
T_2.1 ;
    %pushi/vec4 79, 0, 7;
    %store/vec4 v0x63be2544f0b0_0, 0, 7;
    %jmp T_2.17;
T_2.2 ;
    %pushi/vec4 18, 0, 7;
    %store/vec4 v0x63be2544f0b0_0, 0, 7;
    %jmp T_2.17;
T_2.3 ;
    %pushi/vec4 6, 0, 7;
    %store/vec4 v0x63be2544f0b0_0, 0, 7;
    %jmp T_2.17;
T_2.4 ;
    %pushi/vec4 76, 0, 7;
    %store/vec4 v0x63be2544f0b0_0, 0, 7;
    %jmp T_2.17;
T_2.5 ;
    %pushi/vec4 36, 0, 7;
    %store/vec4 v0x63be2544f0b0_0, 0, 7;
    %jmp T_2.17;
T_2.6 ;
    %pushi/vec4 32, 0, 7;
    %store/vec4 v0x63be2544f0b0_0, 0, 7;
    %jmp T_2.17;
T_2.7 ;
    %pushi/vec4 15, 0, 7;
    %store/vec4 v0x63be2544f0b0_0, 0, 7;
    %jmp T_2.17;
T_2.8 ;
    %pushi/vec4 0, 0, 7;
    %store/vec4 v0x63be2544f0b0_0, 0, 7;
    %jmp T_2.17;
T_2.9 ;
    %pushi/vec4 4, 0, 7;
    %store/vec4 v0x63be2544f0b0_0, 0, 7;
    %jmp T_2.17;
T_2.10 ;
    %pushi/vec4 8, 0, 7;
    %store/vec4 v0x63be2544f0b0_0, 0, 7;
    %jmp T_2.17;
T_2.11 ;
    %pushi/vec4 96, 0, 7;
    %store/vec4 v0x63be2544f0b0_0, 0, 7;
    %jmp T_2.17;
T_2.12 ;
    %pushi/vec4 49, 0, 7;
    %store/vec4 v0x63be2544f0b0_0, 0, 7;
    %jmp T_2.17;
T_2.13 ;
    %pushi/vec4 66, 0, 7;
    %store/vec4 v0x63be2544f0b0_0, 0, 7;
    %jmp T_2.17;
T_2.14 ;
    %pushi/vec4 48, 0, 7;
    %store/vec4 v0x63be2544f0b0_0, 0, 7;
    %jmp T_2.17;
T_2.15 ;
    %pushi/vec4 56, 0, 7;
    %store/vec4 v0x63be2544f0b0_0, 0, 7;
    %jmp T_2.17;
T_2.17 ;
    %pop/vec4 1;
    %jmp T_2;
    .thread T_2, $push;
    .scope S_0x63be25430710;
T_3 ;
    %pushi/vec4 15, 0, 4;
    %store/vec4 v0x63be2544fd90_0, 0, 4;
    %pushi/vec4 0, 0, 1;
    %store/vec4 v0x63be2544fca0_0, 0, 1;
    %pushi/vec4 1, 0, 1;
    %store/vec4 v0x63be2544fe80_0, 0, 1;
    %delay 3000, 0;
    %pushi/vec4 0, 0, 1;
    %store/vec4 v0x63be2544fe80_0, 0, 1;
    %end;
    .thread T_3;
    .scope S_0x63be25430710;
T_4 ;
    %delay 5000, 0;
    %load/vec4 v0x63be2544fca0_0;
    %inv;
    %store/vec4 v0x63be2544fca0_0, 0, 1;
    %jmp T_4;
    .thread T_4;
    .scope S_0x63be25430710;
T_5 ;
    %vpi_call 2 28 "$dumpfile", "tb_top.vcd" {0 0 0};
    %vpi_call 2 29 "$dumpvars", 32'sb11111111111111111111111111111111, S_0x63be254308a0 {0 0 0};
    %delay 80000, 0;
    %vpi_call 2 30 "$finish" {0 0 0};
    %end;
    .thread T_5;
# The file index is used to find the file name in the following table.
:file_names 6;
    "N/A";
    "<interactive>";
    "src/tb_top.v";
    "./src/top.v";
    "./src/BCD.v";
    "./src/BCDtoSSeg.v";
