Analysis & Synthesis report for top_sum_res
Thu Jul  3 10:02:37 2025
Quartus Prime Version 24.1std.0 Build 1077 03/04/2025 SC Lite Edition


---------------------
; Table of Contents ;
---------------------
  1. Legal Notice
  2. Analysis & Synthesis Summary
  3. Analysis & Synthesis Settings
  4. Parallel Compilation
  5. Analysis & Synthesis Source Files Read
  6. Analysis & Synthesis Resource Usage Summary
  7. Analysis & Synthesis Resource Utilization by Entity
  8. General Register Statistics
  9. Parameter Settings for Inferred Entity Instance: top:u_top|BCD:BCD|lpm_divide:Mod0
 10. Parameter Settings for Inferred Entity Instance: top:u_top|BCD:BCD|lpm_divide:Div0
 11. Post-Synthesis Netlist Statistics for Top Partition
 12. Elapsed Time Per Partition
 13. Analysis & Synthesis Messages



----------------
; Legal Notice ;
----------------
Copyright (C) 2025  Altera Corporation. All rights reserved.
Your use of Altera Corporation's design tools, logic functions 
and other software and tools, and any partner logic 
functions, and any output files from any of the foregoing 
(including device programming or simulation files), and any 
associated documentation or information are expressly subject 
to the terms and conditions of the Altera Program License 
Subscription Agreement, the Altera Quartus Prime License Agreement,
the Altera IP License Agreement, or other applicable license
agreement, including, without limitation, that your use is for
the sole purpose of programming logic devices manufactured by
Altera and sold by Altera or its authorized distributors.  Please
refer to the Altera Software License Subscription Agreements 
on the Quartus Prime software download page.



+--------------------------------------------------------------------------------------+
; Analysis & Synthesis Summary                                                         ;
+------------------------------------+-------------------------------------------------+
; Analysis & Synthesis Status        ; Successful - Thu Jul  3 10:02:37 2025           ;
; Quartus Prime Version              ; 24.1std.0 Build 1077 03/04/2025 SC Lite Edition ;
; Revision Name                      ; top_sum_res                                     ;
; Top-level Entity Name              ; top_sum_res                                     ;
; Family                             ; Cyclone IV E                                    ;
; Total logic elements               ; 148                                             ;
;     Total combinational functions  ; 145                                             ;
;     Dedicated logic registers      ; 34                                              ;
; Total registers                    ; 34                                              ;
; Total pins                         ; 22                                              ;
; Total virtual pins                 ; 0                                               ;
; Total memory bits                  ; 0                                               ;
; Embedded Multiplier 9-bit elements ; 0                                               ;
; Total PLLs                         ; 0                                               ;
+------------------------------------+-------------------------------------------------+


+------------------------------------------------------------------------------------------------------------+
; Analysis & Synthesis Settings                                                                              ;
+------------------------------------------------------------------+--------------------+--------------------+
; Option                                                           ; Setting            ; Default Value      ;
+------------------------------------------------------------------+--------------------+--------------------+
; Device                                                           ; EP4CE10E22C8       ;                    ;
; Top-level entity name                                            ; top_sum_res        ; top_sum_res        ;
; Family name                                                      ; Cyclone IV E       ; Cyclone V          ;
; Use smart compilation                                            ; Off                ; Off                ;
; Enable parallel Assembler and Timing Analyzer during compilation ; On                 ; On                 ;
; Enable compact report table                                      ; Off                ; Off                ;
; Restructure Multiplexers                                         ; Auto               ; Auto               ;
; Create Debugging Nodes for IP Cores                              ; Off                ; Off                ;
; Preserve fewer node names                                        ; On                 ; On                 ;
; Intel FPGA IP Evaluation Mode                                    ; Enable             ; Enable             ;
; Verilog Version                                                  ; Verilog_2001       ; Verilog_2001       ;
; VHDL Version                                                     ; VHDL_1993          ; VHDL_1993          ;
; State Machine Processing                                         ; Auto               ; Auto               ;
; Safe State Machine                                               ; Off                ; Off                ;
; Extract Verilog State Machines                                   ; On                 ; On                 ;
; Extract VHDL State Machines                                      ; On                 ; On                 ;
; Ignore Verilog initial constructs                                ; Off                ; Off                ;
; Iteration limit for constant Verilog loops                       ; 5000               ; 5000               ;
; Iteration limit for non-constant Verilog loops                   ; 250                ; 250                ;
; Add Pass-Through Logic to Inferred RAMs                          ; On                 ; On                 ;
; Infer RAMs from Raw Logic                                        ; On                 ; On                 ;
; Parallel Synthesis                                               ; On                 ; On                 ;
; DSP Block Balancing                                              ; Auto               ; Auto               ;
; NOT Gate Push-Back                                               ; On                 ; On                 ;
; Power-Up Don't Care                                              ; On                 ; On                 ;
; Remove Redundant Logic Cells                                     ; Off                ; Off                ;
; Remove Duplicate Registers                                       ; On                 ; On                 ;
; Ignore CARRY Buffers                                             ; Off                ; Off                ;
; Ignore CASCADE Buffers                                           ; Off                ; Off                ;
; Ignore GLOBAL Buffers                                            ; Off                ; Off                ;
; Ignore ROW GLOBAL Buffers                                        ; Off                ; Off                ;
; Ignore LCELL Buffers                                             ; Off                ; Off                ;
; Ignore SOFT Buffers                                              ; On                 ; On                 ;
; Limit AHDL Integers to 32 Bits                                   ; Off                ; Off                ;
; Optimization Technique                                           ; Balanced           ; Balanced           ;
; Carry Chain Length                                               ; 70                 ; 70                 ;
; Auto Carry Chains                                                ; On                 ; On                 ;
; Auto Open-Drain Pins                                             ; On                 ; On                 ;
; Perform WYSIWYG Primitive Resynthesis                            ; Off                ; Off                ;
; Auto ROM Replacement                                             ; On                 ; On                 ;
; Auto RAM Replacement                                             ; On                 ; On                 ;
; Auto DSP Block Replacement                                       ; On                 ; On                 ;
; Auto Shift Register Replacement                                  ; Auto               ; Auto               ;
; Allow Shift Register Merging across Hierarchies                  ; Auto               ; Auto               ;
; Auto Clock Enable Replacement                                    ; On                 ; On                 ;
; Strict RAM Replacement                                           ; Off                ; Off                ;
; Allow Synchronous Control Signals                                ; On                 ; On                 ;
; Force Use of Synchronous Clear Signals                           ; Off                ; Off                ;
; Auto RAM Block Balancing                                         ; On                 ; On                 ;
; Auto RAM to Logic Cell Conversion                                ; Off                ; Off                ;
; Auto Resource Sharing                                            ; Off                ; Off                ;
; Allow Any RAM Size For Recognition                               ; Off                ; Off                ;
; Allow Any ROM Size For Recognition                               ; Off                ; Off                ;
; Allow Any Shift Register Size For Recognition                    ; Off                ; Off                ;
; Use LogicLock Constraints during Resource Balancing              ; On                 ; On                 ;
; Ignore translate_off and synthesis_off directives                ; Off                ; Off                ;
; Timing-Driven Synthesis                                          ; On                 ; On                 ;
; Report Parameter Settings                                        ; On                 ; On                 ;
; Report Source Assignments                                        ; On                 ; On                 ;
; Report Connectivity Checks                                       ; On                 ; On                 ;
; Ignore Maximum Fan-Out Assignments                               ; Off                ; Off                ;
; Synchronization Register Chain Length                            ; 2                  ; 2                  ;
; Power Optimization During Synthesis                              ; Normal compilation ; Normal compilation ;
; HDL message level                                                ; Level2             ; Level2             ;
; Suppress Register Optimization Related Messages                  ; Off                ; Off                ;
; Number of Removed Registers Reported in Synthesis Report         ; 5000               ; 5000               ;
; Number of Swept Nodes Reported in Synthesis Report               ; 5000               ; 5000               ;
; Number of Inverted Registers Reported in Synthesis Report        ; 100                ; 100                ;
; Clock MUX Protection                                             ; On                 ; On                 ;
; Auto Gated Clock Conversion                                      ; Off                ; Off                ;
; Block Design Naming                                              ; Auto               ; Auto               ;
; SDC constraint protection                                        ; Off                ; Off                ;
; Synthesis Effort                                                 ; Auto               ; Auto               ;
; Shift Register Replacement - Allow Asynchronous Clear Signal     ; On                 ; On                 ;
; Pre-Mapping Resynthesis Optimization                             ; Off                ; Off                ;
; Analysis & Synthesis Message Level                               ; Medium             ; Medium             ;
; Disable Register Merging Across Hierarchies                      ; Auto               ; Auto               ;
; Resource Aware Inference For Block RAM                           ; On                 ; On                 ;
+------------------------------------------------------------------+--------------------+--------------------+


+------------------------------------------+
; Parallel Compilation                     ;
+----------------------------+-------------+
; Processors                 ; Number      ;
+----------------------------+-------------+
; Number detected on machine ; 8           ;
; Maximum allowed            ; 8           ;
;                            ;             ;
; Average used               ; 1.00        ;
; Maximum used               ; 8           ;
;                            ;             ;
; Usage by Processor         ; % Time Used ;
;     Processor 1            ; 100.0%      ;
;     Processor 2            ;   0.0%      ;
;     Processors 3-8         ;   0.0%      ;
+----------------------------+-------------+


+------------------------------------------------------------------------------------------------------------------------------------------------------------------------------------------------------------+
; Analysis & Synthesis Source Files Read                                                                                                                                                                     ;
+----------------------------------+-----------------+------------------------------+--------------------------------------------------------------------------------------------------------------+---------+
; File Name with User-Entered Path ; Used in Netlist ; File Type                    ; File Name with Absolute Path                                                                                 ; Library ;
+----------------------------------+-----------------+------------------------------+--------------------------------------------------------------------------------------------------------------+---------+
; ../src/top_sum_res.v             ; yes             ; User Verilog HDL File        ; /home/aquira/Documents/GitHub/lab03-decodificador-bcd-7seg-2025-i-g6-e5/src/top_sum_res.v                    ;         ;
; sum_res_4b.v                     ; yes             ; Auto-Found Verilog HDL File  ; /home/aquira/Documents/GitHub/lab03-decodificador-bcd-7seg-2025-i-g6-e5/src/sum_res_4b.v                     ;         ;
; sum4b_estruc.v                   ; yes             ; Auto-Found Verilog HDL File  ; /home/aquira/Documents/GitHub/lab03-decodificador-bcd-7seg-2025-i-g6-e5/src/sum4b_estruc.v                   ;         ;
; sum1b_estruc.v                   ; yes             ; Auto-Found Verilog HDL File  ; /home/aquira/Documents/GitHub/lab03-decodificador-bcd-7seg-2025-i-g6-e5/src/sum1b_estruc.v                   ;         ;
; top.v                            ; yes             ; Auto-Found Verilog HDL File  ; /home/aquira/Documents/GitHub/lab03-decodificador-bcd-7seg-2025-i-g6-e5/src/top.v                            ;         ;
; BCD.v                            ; yes             ; Auto-Found Verilog HDL File  ; /home/aquira/Documents/GitHub/lab03-decodificador-bcd-7seg-2025-i-g6-e5/src/BCD.v                            ;         ;
; CF_Div.v                         ; yes             ; Auto-Found Verilog HDL File  ; /home/aquira/Documents/GitHub/lab03-decodificador-bcd-7seg-2025-i-g6-e5/src/CF_Div.v                         ;         ;
; BCDtoSSeg.v                      ; yes             ; Auto-Found Verilog HDL File  ; /home/aquira/Documents/GitHub/lab03-decodificador-bcd-7seg-2025-i-g6-e5/src/BCDtoSSeg.v                      ;         ;
; lpm_divide.tdf                   ; yes             ; Megafunction                 ; /home/aquira/intelFPGA_lite/24.1std/quartus/libraries/megafunctions/lpm_divide.tdf                           ;         ;
; abs_divider.inc                  ; yes             ; Megafunction                 ; /home/aquira/intelFPGA_lite/24.1std/quartus/libraries/megafunctions/abs_divider.inc                          ;         ;
; sign_div_unsign.inc              ; yes             ; Megafunction                 ; /home/aquira/intelFPGA_lite/24.1std/quartus/libraries/megafunctions/sign_div_unsign.inc                      ;         ;
; aglobal241.inc                   ; yes             ; Megafunction                 ; /home/aquira/intelFPGA_lite/24.1std/quartus/libraries/megafunctions/aglobal241.inc                           ;         ;
; db/lpm_divide_j9m.tdf            ; yes             ; Auto-Generated Megafunction  ; /home/aquira/Documents/GitHub/lab03-decodificador-bcd-7seg-2025-i-g6-e5/Quartus_1/db/lpm_divide_j9m.tdf      ;         ;
; db/sign_div_unsign_8kh.tdf       ; yes             ; Auto-Generated Megafunction  ; /home/aquira/Documents/GitHub/lab03-decodificador-bcd-7seg-2025-i-g6-e5/Quartus_1/db/sign_div_unsign_8kh.tdf ;         ;
; db/alt_u_div_44f.tdf             ; yes             ; Auto-Generated Megafunction  ; /home/aquira/Documents/GitHub/lab03-decodificador-bcd-7seg-2025-i-g6-e5/Quartus_1/db/alt_u_div_44f.tdf       ;         ;
; db/add_sub_7pc.tdf               ; yes             ; Auto-Generated Megafunction  ; /home/aquira/Documents/GitHub/lab03-decodificador-bcd-7seg-2025-i-g6-e5/Quartus_1/db/add_sub_7pc.tdf         ;         ;
; db/add_sub_8pc.tdf               ; yes             ; Auto-Generated Megafunction  ; /home/aquira/Documents/GitHub/lab03-decodificador-bcd-7seg-2025-i-g6-e5/Quartus_1/db/add_sub_8pc.tdf         ;         ;
; db/lpm_divide_0jm.tdf            ; yes             ; Auto-Generated Megafunction  ; /home/aquira/Documents/GitHub/lab03-decodificador-bcd-7seg-2025-i-g6-e5/Quartus_1/db/lpm_divide_0jm.tdf      ;         ;
; db/sign_div_unsign_olh.tdf       ; yes             ; Auto-Generated Megafunction  ; /home/aquira/Documents/GitHub/lab03-decodificador-bcd-7seg-2025-i-g6-e5/Quartus_1/db/sign_div_unsign_olh.tdf ;         ;
; db/alt_u_div_47f.tdf             ; yes             ; Auto-Generated Megafunction  ; /home/aquira/Documents/GitHub/lab03-decodificador-bcd-7seg-2025-i-g6-e5/Quartus_1/db/alt_u_div_47f.tdf       ;         ;
+----------------------------------+-----------------+------------------------------+--------------------------------------------------------------------------------------------------------------+---------+


+---------------------------------------------------------+
; Analysis & Synthesis Resource Usage Summary             ;
+---------------------------------------------+-----------+
; Resource                                    ; Usage     ;
+---------------------------------------------+-----------+
; Estimated Total logic elements              ; 148       ;
;                                             ;           ;
; Total combinational functions               ; 145       ;
; Logic element usage by number of LUT inputs ;           ;
;     -- 4 input functions                    ; 38        ;
;     -- 3 input functions                    ; 31        ;
;     -- <=2 input functions                  ; 76        ;
;                                             ;           ;
; Logic elements by mode                      ;           ;
;     -- normal mode                          ; 91        ;
;     -- arithmetic mode                      ; 54        ;
;                                             ;           ;
; Total registers                             ; 34        ;
;     -- Dedicated logic registers            ; 34        ;
;     -- I/O registers                        ; 0         ;
;                                             ;           ;
; I/O pins                                    ; 22        ;
;                                             ;           ;
; Embedded Multiplier 9-bit elements          ; 0         ;
;                                             ;           ;
; Maximum fan-out node                        ; clk~input ;
; Maximum fan-out                             ; 25        ;
; Total fan-out                               ; 477       ;
; Average fan-out                             ; 2.14      ;
+---------------------------------------------+-----------+


+-----------------------------------------------------------------------------------------------------------------------------------------------------------------------------------------------------------------------------------------------------------------------------------------------------------------------------------------------+
; Analysis & Synthesis Resource Utilization by Entity                                                                                                                                                                                                                                                                                           ;
+----------------------------------------------+---------------------+---------------------------+-------------+--------------+---------+-----------+------+--------------+--------------------------------------------------------------------------------------------------------------------------------+---------------------+--------------+
; Compilation Hierarchy Node                   ; Combinational ALUTs ; Dedicated Logic Registers ; Memory Bits ; DSP Elements ; DSP 9x9 ; DSP 18x18 ; Pins ; Virtual Pins ; Full Hierarchy Name                                                                                                            ; Entity Name         ; Library Name ;
+----------------------------------------------+---------------------+---------------------------+-------------+--------------+---------+-----------+------+--------------+--------------------------------------------------------------------------------------------------------------------------------+---------------------+--------------+
; |top_sum_res                                 ; 145 (0)             ; 34 (0)                    ; 0           ; 0            ; 0       ; 0         ; 22   ; 0            ; |top_sum_res                                                                                                                   ; top_sum_res         ; work         ;
;    |sum_res_4b:sr|                           ; 10 (1)              ; 0 (0)                     ; 0           ; 0            ; 0       ; 0         ; 0    ; 0            ; |top_sum_res|sum_res_4b:sr                                                                                                     ; sum_res_4b          ; work         ;
;       |sum4b_estruc:UUT|                     ; 9 (0)               ; 0 (0)                     ; 0           ; 0            ; 0       ; 0         ; 0    ; 0            ; |top_sum_res|sum_res_4b:sr|sum4b_estruc:UUT                                                                                    ; sum4b_estruc        ; work         ;
;          |sum1b_estruc:S0|                   ; 3 (3)               ; 0 (0)                     ; 0           ; 0            ; 0       ; 0         ; 0    ; 0            ; |top_sum_res|sum_res_4b:sr|sum4b_estruc:UUT|sum1b_estruc:S0                                                                    ; sum1b_estruc        ; work         ;
;          |sum1b_estruc:S1|                   ; 2 (2)               ; 0 (0)                     ; 0           ; 0            ; 0       ; 0         ; 0    ; 0            ; |top_sum_res|sum_res_4b:sr|sum4b_estruc:UUT|sum1b_estruc:S1                                                                    ; sum1b_estruc        ; work         ;
;          |sum1b_estruc:S2|                   ; 2 (2)               ; 0 (0)                     ; 0           ; 0            ; 0       ; 0         ; 0    ; 0            ; |top_sum_res|sum_res_4b:sr|sum4b_estruc:UUT|sum1b_estruc:S2                                                                    ; sum1b_estruc        ; work         ;
;          |sum1b_estruc:S3|                   ; 2 (2)               ; 0 (0)                     ; 0           ; 0            ; 0       ; 0         ; 0    ; 0            ; |top_sum_res|sum_res_4b:sr|sum4b_estruc:UUT|sum1b_estruc:S3                                                                    ; sum1b_estruc        ; work         ;
;    |top:u_top|                               ; 135 (0)             ; 34 (0)                    ; 0           ; 0            ; 0       ; 0         ; 0    ; 0            ; |top_sum_res|top:u_top                                                                                                         ; top                 ; work         ;
;       |BCD:BCD|                              ; 88 (12)             ; 9 (9)                     ; 0           ; 0            ; 0       ; 0         ; 0    ; 0            ; |top_sum_res|top:u_top|BCD:BCD                                                                                                 ; BCD                 ; work         ;
;          |lpm_divide:Div0|                   ; 54 (0)              ; 0 (0)                     ; 0           ; 0            ; 0       ; 0         ; 0    ; 0            ; |top_sum_res|top:u_top|BCD:BCD|lpm_divide:Div0                                                                                 ; lpm_divide          ; work         ;
;             |lpm_divide_0jm:auto_generated|  ; 54 (0)              ; 0 (0)                     ; 0           ; 0            ; 0       ; 0         ; 0    ; 0            ; |top_sum_res|top:u_top|BCD:BCD|lpm_divide:Div0|lpm_divide_0jm:auto_generated                                                   ; lpm_divide_0jm      ; work         ;
;                |sign_div_unsign_olh:divider| ; 54 (0)              ; 0 (0)                     ; 0           ; 0            ; 0       ; 0         ; 0    ; 0            ; |top_sum_res|top:u_top|BCD:BCD|lpm_divide:Div0|lpm_divide_0jm:auto_generated|sign_div_unsign_olh:divider                       ; sign_div_unsign_olh ; work         ;
;                   |alt_u_div_47f:divider|    ; 54 (54)             ; 0 (0)                     ; 0           ; 0            ; 0       ; 0         ; 0    ; 0            ; |top_sum_res|top:u_top|BCD:BCD|lpm_divide:Div0|lpm_divide_0jm:auto_generated|sign_div_unsign_olh:divider|alt_u_div_47f:divider ; alt_u_div_47f       ; work         ;
;          |lpm_divide:Mod0|                   ; 22 (0)              ; 0 (0)                     ; 0           ; 0            ; 0       ; 0         ; 0    ; 0            ; |top_sum_res|top:u_top|BCD:BCD|lpm_divide:Mod0                                                                                 ; lpm_divide          ; work         ;
;             |lpm_divide_j9m:auto_generated|  ; 22 (0)              ; 0 (0)                     ; 0           ; 0            ; 0       ; 0         ; 0    ; 0            ; |top_sum_res|top:u_top|BCD:BCD|lpm_divide:Mod0|lpm_divide_j9m:auto_generated                                                   ; lpm_divide_j9m      ; work         ;
;                |sign_div_unsign_8kh:divider| ; 22 (0)              ; 0 (0)                     ; 0           ; 0            ; 0       ; 0         ; 0    ; 0            ; |top_sum_res|top:u_top|BCD:BCD|lpm_divide:Mod0|lpm_divide_j9m:auto_generated|sign_div_unsign_8kh:divider                       ; sign_div_unsign_8kh ; work         ;
;                   |alt_u_div_44f:divider|    ; 22 (22)             ; 0 (0)                     ; 0           ; 0            ; 0       ; 0         ; 0    ; 0            ; |top_sum_res|top:u_top|BCD:BCD|lpm_divide:Mod0|lpm_divide_j9m:auto_generated|sign_div_unsign_8kh:divider|alt_u_div_44f:divider ; alt_u_div_44f       ; work         ;
;       |BCDtoSSeg:BCDtoSSeg|                  ; 7 (7)               ; 0 (0)                     ; 0           ; 0            ; 0       ; 0         ; 0    ; 0            ; |top_sum_res|top:u_top|BCDtoSSeg:BCDtoSSeg                                                                                     ; BCDtoSSeg           ; work         ;
;       |CF_Div:fdiv|                          ; 40 (40)             ; 25 (25)                   ; 0           ; 0            ; 0       ; 0         ; 0    ; 0            ; |top_sum_res|top:u_top|CF_Div:fdiv                                                                                             ; CF_Div              ; work         ;
+----------------------------------------------+---------------------+---------------------------+-------------+--------------+---------+-----------+------+--------------+--------------------------------------------------------------------------------------------------------------------------------+---------------------+--------------+
Note: For table entries with two numbers listed, the numbers in parentheses indicate the number of resources of the given type used by the specific entity alone. The numbers listed outside of parentheses indicate the total resources of the given type used by the specific entity and all of its sub-entities in the hierarchy.


+------------------------------------------------------+
; General Register Statistics                          ;
+----------------------------------------------+-------+
; Statistic                                    ; Value ;
+----------------------------------------------+-------+
; Total registers                              ; 34    ;
; Number of registers using Synchronous Clear  ; 0     ;
; Number of registers using Synchronous Load   ; 0     ;
; Number of registers using Asynchronous Clear ; 0     ;
; Number of registers using Asynchronous Load  ; 0     ;
; Number of registers using Clock Enable       ; 0     ;
; Number of registers using Preset             ; 0     ;
+----------------------------------------------+-------+


+------------------------------------------------------------------------------------+
; Parameter Settings for Inferred Entity Instance: top:u_top|BCD:BCD|lpm_divide:Mod0 ;
+------------------------+----------------+------------------------------------------+
; Parameter Name         ; Value          ; Type                                     ;
+------------------------+----------------+------------------------------------------+
; LPM_WIDTHN             ; 5              ; Untyped                                  ;
; LPM_WIDTHD             ; 4              ; Untyped                                  ;
; LPM_NREPRESENTATION    ; UNSIGNED       ; Untyped                                  ;
; LPM_DREPRESENTATION    ; UNSIGNED       ; Untyped                                  ;
; LPM_PIPELINE           ; 0              ; Untyped                                  ;
; LPM_REMAINDERPOSITIVE  ; TRUE           ; Untyped                                  ;
; MAXIMIZE_SPEED         ; 5              ; Untyped                                  ;
; CBXI_PARAMETER         ; lpm_divide_j9m ; Untyped                                  ;
; CARRY_CHAIN            ; MANUAL         ; Untyped                                  ;
; OPTIMIZE_FOR_SPEED     ; 5              ; Untyped                                  ;
; AUTO_CARRY_CHAINS      ; ON             ; AUTO_CARRY                               ;
; IGNORE_CARRY_BUFFERS   ; OFF            ; IGNORE_CARRY                             ;
; AUTO_CASCADE_CHAINS    ; ON             ; AUTO_CASCADE                             ;
; IGNORE_CASCADE_BUFFERS ; OFF            ; IGNORE_CASCADE                           ;
+------------------------+----------------+------------------------------------------+
Note: In order to hide this table in the UI and the text report file, please set the "Show Parameter Settings in Synthesis Report" option in "Analysis and Synthesis Settings -> More Settings" to "Off".


+------------------------------------------------------------------------------------+
; Parameter Settings for Inferred Entity Instance: top:u_top|BCD:BCD|lpm_divide:Div0 ;
+------------------------+----------------+------------------------------------------+
; Parameter Name         ; Value          ; Type                                     ;
+------------------------+----------------+------------------------------------------+
; LPM_WIDTHN             ; 32             ; Untyped                                  ;
; LPM_WIDTHD             ; 4              ; Untyped                                  ;
; LPM_NREPRESENTATION    ; UNSIGNED       ; Untyped                                  ;
; LPM_DREPRESENTATION    ; UNSIGNED       ; Untyped                                  ;
; LPM_PIPELINE           ; 0              ; Untyped                                  ;
; LPM_REMAINDERPOSITIVE  ; TRUE           ; Untyped                                  ;
; MAXIMIZE_SPEED         ; 5              ; Untyped                                  ;
; CBXI_PARAMETER         ; lpm_divide_0jm ; Untyped                                  ;
; CARRY_CHAIN            ; MANUAL         ; Untyped                                  ;
; OPTIMIZE_FOR_SPEED     ; 5              ; Untyped                                  ;
; AUTO_CARRY_CHAINS      ; ON             ; AUTO_CARRY                               ;
; IGNORE_CARRY_BUFFERS   ; OFF            ; IGNORE_CARRY                             ;
; AUTO_CASCADE_CHAINS    ; ON             ; AUTO_CASCADE                             ;
; IGNORE_CASCADE_BUFFERS ; OFF            ; IGNORE_CASCADE                           ;
+------------------------+----------------+------------------------------------------+
Note: In order to hide this table in the UI and the text report file, please set the "Show Parameter Settings in Synthesis Report" option in "Analysis and Synthesis Settings -> More Settings" to "Off".


+-----------------------------------------------------+
; Post-Synthesis Netlist Statistics for Top Partition ;
+-----------------------+-----------------------------+
; Type                  ; Count                       ;
+-----------------------+-----------------------------+
; boundary_port         ; 22                          ;
; cycloneiii_ff         ; 34                          ;
;     plain             ; 34                          ;
; cycloneiii_lcell_comb ; 146                         ;
;     arith             ; 54                          ;
;         2 data inputs ; 30                          ;
;         3 data inputs ; 24                          ;
;     normal            ; 92                          ;
;         0 data inputs ; 8                           ;
;         1 data inputs ; 4                           ;
;         2 data inputs ; 35                          ;
;         3 data inputs ; 7                           ;
;         4 data inputs ; 38                          ;
;                       ;                             ;
; Max LUT depth         ; 22.00                       ;
; Average LUT depth     ; 12.83                       ;
+-----------------------+-----------------------------+


+-------------------------------+
; Elapsed Time Per Partition    ;
+----------------+--------------+
; Partition Name ; Elapsed Time ;
+----------------+--------------+
; Top            ; 00:00:01     ;
+----------------+--------------+


+-------------------------------+
; Analysis & Synthesis Messages ;
+-------------------------------+
Info: *******************************************************************
Info: Running Quartus Prime Analysis & Synthesis
    Info: Version 24.1std.0 Build 1077 03/04/2025 SC Lite Edition
    Info: Processing started: Thu Jul  3 10:02:27 2025
Info: Command: quartus_map --read_settings_files=on --write_settings_files=off Top_sum_res -c top_sum_res
Warning (18236): Number of processors has not been specified which may cause overloading on shared machines.  Set the global assignment NUM_PARALLEL_PROCESSORS in your QSF to an appropriate value for best performance.
Info (20030): Parallel compilation is enabled and will use 8 of the 8 processors detected
Info (12021): Found 1 design units, including 1 entities, in source file /home/aquira/Documents/GitHub/lab03-decodificador-bcd-7seg-2025-i-g6-e5/src/top_sum_res.v
    Info (12023): Found entity 1: top_sum_res File: /home/aquira/Documents/GitHub/lab03-decodificador-bcd-7seg-2025-i-g6-e5/src/top_sum_res.v Line: 4
Info (12127): Elaborating entity "top_sum_res" for the top level hierarchy
Warning (12125): Using design file /home/aquira/Documents/GitHub/lab03-decodificador-bcd-7seg-2025-i-g6-e5/src/sum_res_4b.v, which is not specified as a design file for the current project, but contains definitions for 1 design units and 1 entities in project
    Info (12023): Found entity 1: sum_res_4b File: /home/aquira/Documents/GitHub/lab03-decodificador-bcd-7seg-2025-i-g6-e5/src/sum_res_4b.v Line: 3
Info (12128): Elaborating entity "sum_res_4b" for hierarchy "sum_res_4b:sr" File: /home/aquira/Documents/GitHub/lab03-decodificador-bcd-7seg-2025-i-g6-e5/src/top_sum_res.v Line: 26
Warning (12125): Using design file /home/aquira/Documents/GitHub/lab03-decodificador-bcd-7seg-2025-i-g6-e5/src/sum4b_estruc.v, which is not specified as a design file for the current project, but contains definitions for 1 design units and 1 entities in project
    Info (12023): Found entity 1: sum4b_estruc File: /home/aquira/Documents/GitHub/lab03-decodificador-bcd-7seg-2025-i-g6-e5/src/sum4b_estruc.v Line: 3
Info (12128): Elaborating entity "sum4b_estruc" for hierarchy "sum_res_4b:sr|sum4b_estruc:UUT" File: /home/aquira/Documents/GitHub/lab03-decodificador-bcd-7seg-2025-i-g6-e5/src/sum_res_4b.v Line: 23
Warning (12125): Using design file /home/aquira/Documents/GitHub/lab03-decodificador-bcd-7seg-2025-i-g6-e5/src/sum1b_estruc.v, which is not specified as a design file for the current project, but contains definitions for 1 design units and 1 entities in project
    Info (12023): Found entity 1: sum1b_estruc File: /home/aquira/Documents/GitHub/lab03-decodificador-bcd-7seg-2025-i-g6-e5/src/sum1b_estruc.v Line: 1
Info (12128): Elaborating entity "sum1b_estruc" for hierarchy "sum_res_4b:sr|sum4b_estruc:UUT|sum1b_estruc:S0" File: /home/aquira/Documents/GitHub/lab03-decodificador-bcd-7seg-2025-i-g6-e5/src/sum4b_estruc.v Line: 19
Warning (12125): Using design file /home/aquira/Documents/GitHub/lab03-decodificador-bcd-7seg-2025-i-g6-e5/src/top.v, which is not specified as a design file for the current project, but contains definitions for 1 design units and 1 entities in project
    Info (12023): Found entity 1: top File: /home/aquira/Documents/GitHub/lab03-decodificador-bcd-7seg-2025-i-g6-e5/src/top.v Line: 5
Warning (10236): Verilog HDL Implicit Net warning at top.v(22): created implicit net for "fdivider" File: /home/aquira/Documents/GitHub/lab03-decodificador-bcd-7seg-2025-i-g6-e5/src/top.v Line: 22
Info (12128): Elaborating entity "top" for hierarchy "top:u_top" File: /home/aquira/Documents/GitHub/lab03-decodificador-bcd-7seg-2025-i-g6-e5/src/top_sum_res.v Line: 34
Warning (12125): Using design file /home/aquira/Documents/GitHub/lab03-decodificador-bcd-7seg-2025-i-g6-e5/src/BCD.v, which is not specified as a design file for the current project, but contains definitions for 1 design units and 1 entities in project
    Info (12023): Found entity 1: BCD File: /home/aquira/Documents/GitHub/lab03-decodificador-bcd-7seg-2025-i-g6-e5/src/BCD.v Line: 1
Info (12128): Elaborating entity "BCD" for hierarchy "top:u_top|BCD:BCD" File: /home/aquira/Documents/GitHub/lab03-decodificador-bcd-7seg-2025-i-g6-e5/src/top.v Line: 23
Warning (10230): Verilog HDL assignment warning at BCD.v(20): truncated value with size 32 to match size of target (4) File: /home/aquira/Documents/GitHub/lab03-decodificador-bcd-7seg-2025-i-g6-e5/src/BCD.v Line: 20
Warning (10230): Verilog HDL assignment warning at BCD.v(25): truncated value with size 32 to match size of target (4) File: /home/aquira/Documents/GitHub/lab03-decodificador-bcd-7seg-2025-i-g6-e5/src/BCD.v Line: 25
Warning (12125): Using design file /home/aquira/Documents/GitHub/lab03-decodificador-bcd-7seg-2025-i-g6-e5/src/CF_Div.v, which is not specified as a design file for the current project, but contains definitions for 1 design units and 1 entities in project
    Info (12023): Found entity 1: CF_Div File: /home/aquira/Documents/GitHub/lab03-decodificador-bcd-7seg-2025-i-g6-e5/src/CF_Div.v Line: 1
Info (12128): Elaborating entity "CF_Div" for hierarchy "top:u_top|CF_Div:fdiv" File: /home/aquira/Documents/GitHub/lab03-decodificador-bcd-7seg-2025-i-g6-e5/src/top.v Line: 28
Warning (10230): Verilog HDL assignment warning at CF_Div.v(21): truncated value with size 32 to match size of target (24) File: /home/aquira/Documents/GitHub/lab03-decodificador-bcd-7seg-2025-i-g6-e5/src/CF_Div.v Line: 21
Warning (12125): Using design file /home/aquira/Documents/GitHub/lab03-decodificador-bcd-7seg-2025-i-g6-e5/src/BCDtoSSeg.v, which is not specified as a design file for the current project, but contains definitions for 1 design units and 1 entities in project
    Info (12023): Found entity 1: BCDtoSSeg File: /home/aquira/Documents/GitHub/lab03-decodificador-bcd-7seg-2025-i-g6-e5/src/BCDtoSSeg.v Line: 1
Info (12128): Elaborating entity "BCDtoSSeg" for hierarchy "top:u_top|BCDtoSSeg:BCDtoSSeg" File: /home/aquira/Documents/GitHub/lab03-decodificador-bcd-7seg-2025-i-g6-e5/src/top.v Line: 35
Info (278001): Inferred 2 megafunctions from design logic
    Info (278004): Inferred divider/modulo megafunction ("lpm_divide") from the following logic: "top:u_top|BCD:BCD|Mod0" File: /home/aquira/Documents/GitHub/lab03-decodificador-bcd-7seg-2025-i-g6-e5/src/BCD.v Line: 20
    Info (278004): Inferred divider/modulo megafunction ("lpm_divide") from the following logic: "top:u_top|BCD:BCD|Div0" File: /home/aquira/Documents/GitHub/lab03-decodificador-bcd-7seg-2025-i-g6-e5/src/BCD.v Line: 25
Info (12130): Elaborated megafunction instantiation "top:u_top|BCD:BCD|lpm_divide:Mod0" File: /home/aquira/Documents/GitHub/lab03-decodificador-bcd-7seg-2025-i-g6-e5/src/BCD.v Line: 20
Info (12133): Instantiated megafunction "top:u_top|BCD:BCD|lpm_divide:Mod0" with the following parameter: File: /home/aquira/Documents/GitHub/lab03-decodificador-bcd-7seg-2025-i-g6-e5/src/BCD.v Line: 20
    Info (12134): Parameter "LPM_WIDTHN" = "5"
    Info (12134): Parameter "LPM_WIDTHD" = "4"
    Info (12134): Parameter "LPM_NREPRESENTATION" = "UNSIGNED"
    Info (12134): Parameter "LPM_DREPRESENTATION" = "UNSIGNED"
Info (12021): Found 1 design units, including 1 entities, in source file db/lpm_divide_j9m.tdf
    Info (12023): Found entity 1: lpm_divide_j9m File: /home/aquira/Documents/GitHub/lab03-decodificador-bcd-7seg-2025-i-g6-e5/Quartus_1/db/lpm_divide_j9m.tdf Line: 25
Info (12021): Found 1 design units, including 1 entities, in source file db/sign_div_unsign_8kh.tdf
    Info (12023): Found entity 1: sign_div_unsign_8kh File: /home/aquira/Documents/GitHub/lab03-decodificador-bcd-7seg-2025-i-g6-e5/Quartus_1/db/sign_div_unsign_8kh.tdf Line: 25
Info (12021): Found 1 design units, including 1 entities, in source file db/alt_u_div_44f.tdf
    Info (12023): Found entity 1: alt_u_div_44f File: /home/aquira/Documents/GitHub/lab03-decodificador-bcd-7seg-2025-i-g6-e5/Quartus_1/db/alt_u_div_44f.tdf Line: 27
Info (12021): Found 1 design units, including 1 entities, in source file db/add_sub_7pc.tdf
    Info (12023): Found entity 1: add_sub_7pc File: /home/aquira/Documents/GitHub/lab03-decodificador-bcd-7seg-2025-i-g6-e5/Quartus_1/db/add_sub_7pc.tdf Line: 23
Info (12021): Found 1 design units, including 1 entities, in source file db/add_sub_8pc.tdf
    Info (12023): Found entity 1: add_sub_8pc File: /home/aquira/Documents/GitHub/lab03-decodificador-bcd-7seg-2025-i-g6-e5/Quartus_1/db/add_sub_8pc.tdf Line: 23
Info (12130): Elaborated megafunction instantiation "top:u_top|BCD:BCD|lpm_divide:Div0" File: /home/aquira/Documents/GitHub/lab03-decodificador-bcd-7seg-2025-i-g6-e5/src/BCD.v Line: 25
Info (12133): Instantiated megafunction "top:u_top|BCD:BCD|lpm_divide:Div0" with the following parameter: File: /home/aquira/Documents/GitHub/lab03-decodificador-bcd-7seg-2025-i-g6-e5/src/BCD.v Line: 25
    Info (12134): Parameter "LPM_WIDTHN" = "32"
    Info (12134): Parameter "LPM_WIDTHD" = "4"
    Info (12134): Parameter "LPM_NREPRESENTATION" = "UNSIGNED"
    Info (12134): Parameter "LPM_DREPRESENTATION" = "UNSIGNED"
Info (12021): Found 1 design units, including 1 entities, in source file db/lpm_divide_0jm.tdf
    Info (12023): Found entity 1: lpm_divide_0jm File: /home/aquira/Documents/GitHub/lab03-decodificador-bcd-7seg-2025-i-g6-e5/Quartus_1/db/lpm_divide_0jm.tdf Line: 25
Info (12021): Found 1 design units, including 1 entities, in source file db/sign_div_unsign_olh.tdf
    Info (12023): Found entity 1: sign_div_unsign_olh File: /home/aquira/Documents/GitHub/lab03-decodificador-bcd-7seg-2025-i-g6-e5/Quartus_1/db/sign_div_unsign_olh.tdf Line: 25
Info (12021): Found 1 design units, including 1 entities, in source file db/alt_u_div_47f.tdf
    Info (12023): Found entity 1: alt_u_div_47f File: /home/aquira/Documents/GitHub/lab03-decodificador-bcd-7seg-2025-i-g6-e5/Quartus_1/db/alt_u_div_47f.tdf Line: 27
Info (286030): Timing-Driven Synthesis is running
Info (16010): Generating hard_block partition "hard_block:auto_generated_inst"
    Info (16011): Adding 0 node(s), including 0 DDIO, 0 PLL, 0 transceiver and 0 LCELL
Warning (21074): Design contains 1 input pin(s) that do not drive logic
    Warning (15610): No output dependent on input pin "rst" File: /home/aquira/Documents/GitHub/lab03-decodificador-bcd-7seg-2025-i-g6-e5/src/top_sum_res.v Line: 9
Info (21057): Implemented 170 device resources after synthesis - the final resource count might be different
    Info (21058): Implemented 11 input pins
    Info (21059): Implemented 11 output pins
    Info (21061): Implemented 148 logic cells
Info: Quartus Prime Analysis & Synthesis was successful. 0 errors, 14 warnings
    Info: Peak virtual memory: 450 megabytes
    Info: Processing ended: Thu Jul  3 10:02:37 2025
    Info: Elapsed time: 00:00:10
    Info: Total CPU time (on all processors): 00:00:26


